============================= test session starts ==============================
platform darwin -- Python 3.14.6, pytest-9.1.1, pluggy-1.6.0
rootdir: /Users/giapminh79/code/GitHub/sot-graph
configfile: pyproject.toml
plugins: cov-7.1.0, asyncio-1.4.0, anyio-4.14.2, hypothesis-6.165.10
asyncio: mode=Mode.STRICT, debug=False, asyncio_default_fixture_loop_scope=None, asyncio_default_test_loop_scope=function
collected 1948 items

tests/benchmark/test_benchmark_sot.py ....                               [  0%]
tests/benchmark/test_diff_impact_oracle.py ..                            [  0%]
tests/benchmark/test_dynamic_gap_corpus.py .......                       [  0%]
tests/benchmark/test_provider_accuracy.py ....                           [  0%]
tests/benchmark/test_provider_identity_oracle.py ...                     [  1%]
tests/fault/test_fault_injection.py .........                            [  1%]
tests/property/test_invariants.py .                                      [  1%]
tests/test_accounting_contract.py .....................................  [  3%]
tests/test_accounting_visitor_typing.py ....                             [  3%]
tests/test_adapter_docs_consistency.py ..                                [  3%]
tests/test_adapters.py ............                                      [  4%]
tests/test_adversarial_edge_cases.py ..........                          [  4%]
tests/test_analytics.py ...........                                      [  5%]
tests/test_assurance_state.py ...........                                [  6%]
tests/test_bundle.py ....                                                [  6%]
tests/test_bundle_conformance.py ............                            [  6%]
tests/test_c_cpp_extractor.py ....                                       [  7%]
tests/test_cbm_adapter.py .............................................  [  9%]
tests/test_cbm_contract_parity.py .....                                  [  9%]
tests/test_cbm_exact_compatibility.py .............................      [ 11%]
tests/test_cbm_golden.py .................                               [ 11%]
tests/test_cbm_managed_provider.py ....................................  [ 13%]
tests/test_cbm_normalization.py .............................            [ 15%]
tests/test_cbm_remediation_surface.py .................................. [ 17%]
.                                                                        [ 17%]
tests/test_cbm_snapshot_p2.py .....................                      [ 18%]
tests/test_cbm_verification.py ......................................... [ 20%]
.                                                                        [ 20%]
tests/test_ci_workflows_yaml.py ...                                      [ 20%]
tests/test_cli_provider_wiring.py ..............                         [ 21%]
tests/test_cli_smoke.py ...                                              [ 21%]
tests/test_collection_accounting.py ............                         [ 21%]
tests/test_config_loader.py .........................                    [ 23%]
tests/test_core_safety_fixes.py ..........                               [ 23%]
tests/test_coverage_manifest.py ...........                              [ 24%]
tests/test_dart_extractor.py .......                                     [ 24%]
tests/test_diff_impact.py ..........................................     [ 26%]
tests/test_diff_impact_github.py ...........                             [ 27%]
tests/test_edge_lifecycle.py ....                                        [ 27%]
tests/test_engine_admin.py ..............                                [ 28%]
tests/test_export.py .......                                             [ 28%]
tests/test_force_reindex.py .....                                        [ 28%]
tests/test_group1_extractors.py ......                                   [ 29%]
tests/test_group2_extractors.py ......                                   [ 29%]
tests/test_group3_extractors.py ......                                   [ 29%]
tests/test_gs_surface_catalog.py ................                        [ 30%]
tests/test_gs_surface_lifecycle.py .                                     [ 30%]
tests/test_hardening_fixes.py ...........                                [ 31%]
tests/test_history_retention.py ....                                     [ 31%]
tests/test_holdout_denominators.py ........                              [ 31%]
tests/test_holdout_oracle.py .........                                   [ 32%]
tests/test_holdout_splits.py ...................                         [ 33%]
tests/test_identity_join.py .........................                    [ 34%]
tests/test_ignore.py .........                                           [ 35%]
tests/test_impact_pipeline.py ......................................     [ 37%]
tests/test_import_resolution.py ...............                          [ 37%]
tests/test_java_extractor.py ...                                         [ 37%]
tests/test_jit_reconcile.py ...                                          [ 38%]
tests/test_lambda_comprehension_coverage.py .............                [ 38%]
tests/test_maintenance.py .....                                          [ 39%]
tests/test_managed_artifacts.py ............s.......................     [ 40%]
tests/test_managed_execution.py ...................................      [ 42%]
tests/test_managed_installation.py ...............................s.     [ 44%]
tests/test_managed_orphan_writer.py ..                                   [ 44%]
tests/test_managed_runtime.py ...........................                [ 45%]
tests/test_managed_snapshot_boundaries.py ..                             [ 45%]
tests/test_mcp.py ..............                                         [ 46%]
tests/test_mcp_modern.py ......                                          [ 47%]
tests/test_mcp_prompts.py .....                                          [ 47%]
tests/test_mcp_receipt_tools.py ......                                   [ 47%]
tests/test_monorepo_ledger_concurrency.py ...                            [ 47%]
tests/test_monorepo_snapshot_adversarial.py .......                      [ 48%]
tests/test_multilang.py ...                                              [ 48%]
tests/test_native_source_verifier.py .................................   [ 49%]
tests/test_navigation.py ...........                                     [ 50%]
tests/test_omp_integration.py ...........                                [ 51%]
tests/test_optimizations.py .....                                        [ 51%]
tests/test_oracle_gate.py .................                              [ 52%]
tests/test_oracle_selfcheck.py .............                             [ 52%]
tests/test_p0_freshness_semantics.py ......                              [ 53%]
tests/test_p1_snapshot_trust.py ............                             [ 53%]
tests/test_p2_orchestrator.py ................................           [ 55%]
tests/test_p3_adapters.py ...................                            [ 56%]
tests/test_p3_builtin_recall.py ............                             [ 57%]
tests/test_p3_plugin_contract.py ........                                [ 57%]
tests/test_p3_scip_binding.py .......                                    [ 57%]
tests/test_p4_identity.py ..............                                 [ 58%]
tests/test_p4_quality_gate.py ....                                       [ 58%]
tests/test_p4_ranking.py ........                                        [ 59%]
tests/test_p4_search_safety.py ....................                      [ 60%]
tests/test_p5_coverage_verification.py ...............                   [ 60%]
tests/test_p6_ledger.py ............                                     [ 61%]
tests/test_p7_receipts.py ...................                            [ 62%]
tests/test_p8_omp_integration.py ......                                  [ 62%]
tests/test_p9_chaos_migration.py .........                               [ 63%]
tests/test_pack_sg202_priority.py .....................                  [ 64%]
tests/test_parallel_reconciler.py ....                                   [ 64%]
tests/test_phase1_scip_and_schema_v5.py ............                     [ 65%]
tests/test_phase6.py ......                                              [ 65%]
tests/test_php_extractor.py ...........                                  [ 66%]
tests/test_precision_and_metamorphic.py ....                             [ 66%]
tests/test_proc_environment.py .........                                 [ 66%]
tests/test_proc_process_group.py ...                                     [ 66%]
tests/test_proc_runner.py .......                                        [ 67%]
tests/test_proc_streaming_cap.py .....                                   [ 67%]
tests/test_proc_windows_job.py .ss                                       [ 67%]
tests/test_provider_compatibility.py ................................... [ 69%]
..........                                                               [ 69%]
tests/test_provider_contract.py ......                                   [ 70%]
tests/test_providers_cross_check.py .................                    [ 71%]
tests/test_providers_registry.py .................                       [ 72%]
tests/test_python_resolver.py .....                                      [ 72%]
tests/test_python_scope_extended.py .                                    [ 72%]
tests/test_python_semantic_resolver.py ....                              [ 72%]
tests/test_query_plan_regression.py ..                                   [ 72%]
tests/test_reconcile_audit_receipts.py ......                            [ 72%]
tests/test_repo_map.py .........                                         [ 73%]
tests/test_report_conformance.py ..............                          [ 74%]
tests/test_scip_provider.py ......                                       [ 74%]
tests/test_scip_truncation.py ......                                     [ 74%]
tests/test_search_bare_name_ranking.py ..............                    [ 75%]
tests/test_sg107_stress.py .................                             [ 76%]
tests/test_sg108_scope_universe.py ..................................... [ 78%]
....                                                                     [ 78%]
tests/test_sg109_generation_invalidation.py ............                 [ 79%]
tests/test_sg110_claims.py ...............................               [ 80%]
tests/test_sg201_external_corpus.py ...................................  [ 82%]
tests/test_sg201_repo_map_filters.py ........................            [ 83%]
tests/test_sg201_sg202_exit_gates.py ................................    [ 85%]
tests/test_sg202_pack_completeness.py ..............                     [ 86%]
tests/test_sg205_receipt_explorer.py ......................              [ 87%]
tests/test_snapshot_binding.py .....                                     [ 87%]
tests/test_snapshot_content_binding.py ...............                   [ 88%]
tests/test_solution_trace.py ..........                                  [ 88%]
tests/test_sot_graph.py ....                                             [ 88%]
tests/test_sprint4_compass_and_pack.py ..............                    [ 89%]
tests/test_storage_integrity.py ....                                     [ 89%]
tests/test_treesitter.py ............                                    [ 90%]
tests/test_trust_axes.py ............................................... [ 92%]
........                                                                 [ 93%]
tests/test_trust_chain_hardening.py .................................... [ 95%]
.......                                                                  [ 95%]
tests/test_trust_v2_evidence.py ......                                   [ 95%]
tests/test_truthfulness.py ..........                                    [ 96%]
tests/test_type_checking_universe.py .........                           [ 96%]
tests/test_v2_upgrade.py .............................                   [ 98%]
tests/test_vector.py .............                                       [ 98%]
tests/test_verifier.py .........                                         [ 99%]
tests/test_watcher_daemon.py ............                                [100%]

=============================== warnings summary ===============================
.venv/lib/python3.14/site-packages/_hypothesis_pytestplugin.py:487
  /Users/giapminh79/code/GitHub/sot-graph/.venv/lib/python3.14/site-packages/_hypothesis_pytestplugin.py:487: UserWarning: Skipping collection of '.hypothesis' directory - this usually means you've explicitly set the `norecursedirs` pytest config option, replacing rather than extending the default ignores.
    warnings.warn(

src/sot_graph/diff_impact.py:120
  /Users/giapminh79/code/GitHub/sot-graph/src/sot_graph/diff_impact.py:120: PytestCollectionWarning: cannot collect test class 'TestImpact' because it has a __init__ constructor (from: tests/test_diff_impact.py)
    @dataclass

src/sot_graph/diff_impact.py:120
  /Users/giapminh79/code/GitHub/sot-graph/src/sot_graph/diff_impact.py:120: PytestCollectionWarning: cannot collect test class 'TestImpact' because it has a __init__ constructor (from: tests/test_diff_impact_github.py)
    @dataclass

tests/test_oracle_selfcheck.py::TestRealCorpusBaseline::test_json_contract
  /Users/giapminh79/code/GitHub/sot-graph/.venv/lib/python3.14/site-packages/_pytest/fixtures.py:1313: PytestRemovedIn10Warning: Class-scoped fixture defined as instance method is deprecated.
  Instance attributes set in this fixture will NOT be visible to test methods,
  as each test gets a new instance while the fixture runs only once per class.
  Use @classmethod decorator and set attributes on cls instead.
  See https://docs.pytest.org/en/stable/deprecations.html#class-scoped-fixture-as-instance-method
    fixturefunc = resolve_fixture_function(fixturedef, request)

-- Docs: https://docs.pytest.org/en/stable/how-to/capture-warnings.html
- generated xml file: /Users/giapminh79/code/GitHub/sot-graph/plan/python-c-monorepo/evidence/parallel-integration/final-pytest.xml -
=========================== short test summary info ============================
SKIPPED [1] tests/test_managed_artifacts.py:230: chown to a different uid requires root
SKIPPED [1] tests/test_managed_installation.py:328: artifact filesystem is case-insensitive
SKIPPED [1] tests/test_proc_windows_job.py:36: win32-only Job Object plumbing
SKIPPED [1] tests/test_proc_windows_job.py:69: win32-only Job Object tree kill
=========== 1944 passed, 4 skipped, 4 warnings in 192.07s (0:03:12) ============
