<?xml version="1.0" encoding="utf-8"?><testsuites name="pytest tests"><testsuite name="pytest" errors="0" failures="0" skipped="4" tests="2124" time="190.985" timestamp="2026-09-06T13:41:31.158691+07:00" hostname="mmbp.tail43d082.ts.net"><properties>
[...]
</properties><testcase classname="tests.benchmark.test_benchmark_sot.TestBenchmarkSotMultiLanguage" name="test_ground_truth_corpus_edge_count" time="0.011" /><testcase classname="tests.benchmark.test_benchmark_sot.TestBenchmarkSotMultiLanguage" name="test_multi_language_precision_recall_f1_metrics" time="0.234" /><testcase classname="tests.benchmark.test_benchmark_sot.TestBenchmarkSotMultiLanguage" name="test_multi_language_reconciliation_and_graph_nodes" time="0.221" /><testcase classname="tests.benchmark.test_benchmark_sot.TestBenchmarkSotMultiLanguage" name="test_scip_multi_provider_integration_and_evidence" time="0.277" /><testcase classname="tests.benchmark.test_diff_impact_oracle" name="test_diff_impact_oracle_precision_and_blast_radius" time="0.313" /><testcase classname="tests.benchmark.test_diff_impact_oracle" name="test_diff_impact_receipt_contract" time="0.354" /><testcase classname="tests.benchmark.test_dynamic_gap_corpus" name="test_dynamic_gap_python" time="0.046" /><testcase classname="tests.benchmark.test_dynamic_gap_corpus" name="test_dynamic_gap_typescript" time="0.053" /><testcase classname="tests.benchmark.test_dynamic_gap_corpus" name="test_dynamic_gap_java" time="0.046" /><testcase classname="tests.benchmark.test_dynamic_gap_corpus" name="test_dynamic_gap_go" time="0.044" /><testcase classname="tests.benchmark.test_dynamic_gap_corpus" name="test_dynamic_gap_rust" time="0.044" /><testcase classname="tests.benchmark.test_dynamic_gap_corpus" name="test_static_negative_control_assured" time="0.042" /><testcase classname="tests.benchmark.test_dynamic_gap_corpus" name="test_state_decision_with_dynamic_dispatch_unresolved" time="0.000" /><testcase classname="tests.benchmark.test_provider_accuracy" name="test_search_ranking_gate_and_exact_discrimination" time="0.137" /><testcase classname="tests.benchmark.test_provider_accuracy" name="test_federation_plan_builtin_isolation" time="0.001" /><testcase classname="tests.benchmark.test_provider_accuracy" name="test_abstention_quality_when_evidence_unverifiable" time="0.000" /><testcase classname="tests.benchmark.test_provider_accuracy" name="test_ambiguous_identity_abstention" time="0.000" /><testcase classname="tests.benchmark.test_provider_identity_oracle" name="test_selfcheck_planted_truth_is_consistent" time="0.003" /><testcase classname="tests.benchmark.test_provider_identity_oracle" name="test_oracle_measured_gates" time="0.039" /><testcase classname="tests.benchmark.test_provider_identity_oracle" name="test_committed_artifact_is_current" time="0.020" /><testcase classname="tests.fault.test_fault_injection.TestFaultInjection" name="test_process_crash_wal_recovery" time="0.111" /><testcase classname="tests.fault.test_fault_injection.TestFaultInjection" name="test_scenario_1_process_hard_kill_and_wal_recovery" time="0.111" /><testcase classname="tests.fault.test_fault_injection.TestFaultInjection" name="test_scenario_2_connection_drop_and_rollback" time="0.008" /><testcase classname="tests.fault.test_fault_injection.TestFaultInjection" name="test_scenario_3_disk_exhaustion_enospc_rollback" time="0.006" /><testcase classname="tests.fault.test_fault_injection.TestFaultInjection" name="test_scenario_4_lock_acquisition_timeout" time="0.076" /><testcase classname="tests.fault.test_fault_injection.TestFaultInjection" name="test_scenario_4b_lock_file_replaced_during_contention" time="0.042" /><testcase classname="tests.fault.test_fault_injection.TestFaultInjection" name="test_scenario_4c_lock_file_unlinked_during_contention" time="0.038" /><testcase classname="tests.fault.test_fault_injection.TestFaultInjection" name="test_scenario_5_concurrent_publication_cas_collision" time="0.008" /><testcase classname="tests.fault.test_fault_injection.TestFaultInjection" name="test_scenario_6_post_crash_self_healing_and_note_preservation" time="0.011" /><testcase classname="tests.property.test_invariants.TestSotGraphInvariants" name="runTest" time="1.874" /><testcase classname="tests.test_accounting_contract.TestRegistryHonesty" name="test_source_ids_unique" time="0.000" /><testcase classname="tests.test_accounting_contract.TestRegistryHonesty" name="test_cap_value_encoded_in_id" time="0.000" /><testcase classname="tests.test_accounting_contract.TestRegistryHonesty" name="test_union_family_pattern_well_formed" time="0.000" /><testcase classname="tests.test_accounting_contract.TestRegistryHonesty" name="test_registered_collectors_exist" time="0.000" /><testcase classname="tests.test_accounting_contract.TestRegistryHonesty" name="test_sql_backed_sites_own_a_limit" time="0.033" /><testcase classname="tests.test_accounting_contract.TestRegistryHonesty" name="test_logical_collections_map_to_registered_ids" time="0.000" /><testcase classname="tests.test_accounting_contract.TestRegistryHonesty" name="test_non_truncating_allowlist_has_justifications" time="0.000" /><testcase classname="tests.test_accounting_contract.TestStaticSweep" name="test_every_sql_limit_in_assurance_is_registered" time="0.030" /><testcase classname="tests.test_accounting_contract.TestStaticSweep" name="test_sweep_finds_the_registered_sql_cap_collectors" time="0.030" /><testcase classname="tests.test_accounting_contract.TestStaticSweep" name="test_new_unregistered_cap_fails_the_sweep" time="0.002" /><testcase classname="tests.test_accounting_contract.TestStaticSweep" name="test_sweep_maps_limits_to_enclosing_collector_not_line" time="0.029" /><testcase classname="tests.test_accounting_contract.TestFailClosedRuntime" name="test_unknown_source_raises" time="0.000" /><testcase classname="tests.test_accounting_contract.TestFailClosedRuntime" name="test_registered_sources_pass[changed_files_cap_200]" time="0.000" /><testcase classname="tests.test_accounting_contract.TestFailClosedRuntime" name="test_registered_sources_pass[edges_cap_500]" time="0.000" /><testcase classname="tests.test_accounting_contract.TestFailClosedRuntime" name="test_registered_sources_pass[evidence_cap_50]" time="0.000" /><testcase classname="tests.test_accounting_contract.TestFailClosedRuntime" name="test_registered_sources_pass[ledger_runs_cap_200]" time="0.000" /><testcase classname="tests.test_accounting_contract.TestFailClosedRuntime" name="test_registered_sources_pass[transitive_cap_200]" time="0.000" /><testcase classname="tests.test_accounting_contract.TestFailClosedRuntime" name="test_registered_sources_pass[ledger_union_cap_5000]" time="0.000" /><testcase classname="tests.test_accounting_contract.TestFailClosedRuntime" name="test_registered_sources_pass[ledger_union_cap_7]" time="0.000" /><testcase classname="tests.test_accounting_contract.TestFailClosedRuntime" name="test_simulated_unregistered_reason_cannot_enter_receipt" time="0.446" /><testcase classname="tests.test_accounting_contract.TestRegistryIdsSurfaceInReceipts" name="test_edges_cap" time="0.089" /><testcase classname="tests.test_accounting_contract.TestRegistryIdsSurfaceInReceipts" name="test_transitive_cap" time="0.420" /><testcase classname="tests.test_accounting_contract.TestRegistryIdsSurfaceInReceipts" name="test_ledger_runs_cap" time="0.399" /><testcase classname="tests.test_accounting_contract.TestRegistryIdsSurfaceInReceipts" name="test_ledger_union_cap" time="0.431" /><testcase classname="tests.test_accounting_contract.TestRegistryIdsSurfaceInReceipts" name="test_changed_files_cap" time="0.736" /><testcase classname="tests.test_accounting_contract.TestRegistryIdsSurfaceInReceipts" name="test_evidence_cap" time="1.177" /><testcase classname="tests.test_accounting_contract.TestRegistryIdsSurfaceInReceipts" name="test_coverage_complete" time="0.000" /><testcase classname="tests.test_accounting_contract.TestEdgesCapBoundaries" name="test_in_direction_boundary[499]" time="1.200" /><testcase classname="tests.test_accounting_contract.TestEdgesCapBoundaries" name="test_in_direction_boundary[500]" time="0.086" /><testcase classname="tests.test_accounting_contract.TestEdgesCapBoundaries" name="test_in_direction_boundary[501]" time="0.089" /><testcase classname="tests.test_accounting_contract.TestEvidenceCapBoundaries" name="test_per_path_boundary[49]" time="0.140" /><testcase classname="tests.test_accounting_contract.TestEvidenceCapBoundaries" name="test_per_path_boundary[50]" time="0.113" /><testcase classname="tests.test_accounting_contract.TestEvidenceCapBoundaries" name="test_per_path_boundary[51]" time="0.109" /><testcase classname="tests.test_accounting_contract.TestDiagnostics" name="test_storage_fault_surfaces_collection_error_not_truncation" time="0.058" /><testcase classname="tests.test_accounting_contract.TestDiagnostics" name="test_truncation_surfaces_named_reason_code" time="0.088" /><testcase classname="tests.test_accounting_contract.TestLineIndependence" name="test_sweep_invariant_to_innocent_line_insertions" time="0.096" /><testcase classname="tests.test_accounting_contract.TestLineIndependence" name="test_contract_references_no_source_line_numbers" time="0.000" /><testcase classname="tests.test_accounting_visitor_typing.TestVisitorTypingRegression" name="test_async_visitor_is_not_alias_of_sync_visitor" time="0.000" /><testcase classname="tests.test_accounting_visitor_typing.TestVisitorTypingRegression" name="test_async_collector_attributed_like_sync_collector" time="0.001" /><testcase classname="tests.test_accounting_visitor_typing.TestVisitorTypingRegression" name="test_async_docstring_prose_still_skipped" time="0.001" /><testcase classname="tests.test_accounting_visitor_typing.TestVisitorTypingRegression" name="test_async_nested_stack_popped" time="0.000" /><testcase classname="tests.test_adapter_docs_consistency.AdapterDocsConsistencyTests" name="test_docs_match_cli_parser_and_mcp_registry" time="0.012" /><testcase classname="tests.test_adapter_docs_consistency.AdapterDocsConsistencyTests" name="test_emit_table_covers_all_top_level_subcommands" time="0.010" /><testcase classname="tests.test_adapters.TestHarnessAdapters" name="test_antigravity_adapter_setup" time="0.004" /><testcase classname="tests.test_adapters.TestHarnessAdapters" name="test_claude_adapter_setup" time="0.002" /><testcase classname="tests.test_adapters.TestHarnessAdapters" name="test_cli_setup_command" time="0.012" /><testcase classname="tests.test_adapters.TestHarnessAdapters" name="test_cli_setup_pi_alias" time="0.007" /><testcase classname="tests.test_adapters.TestHarnessAdapters" name="test_list_supported_harnesses" time="0.000" /><testcase classname="tests.test_adapters.TestHarnessAdapters" name="test_omp_adapter_workspace_and_global" time="0.004" /><testcase classname="tests.test_adapters.TestHarnessAdapters" name="test_opencode_adapter_json_merge_and_skills" time="0.003" /><testcase classname="tests.test_adapters.TestHarnessAdapters" name="test_unified_installer_all" time="0.017" /><testcase classname="tests.test_adapters.TestHarnessAdapters" name="test_unified_installer_pi_alias" time="0.004" /><testcase classname="tests.test_adapters.TestHarnessAdapters" name="test_zcode_adapter_setup" time="0.006" /><testcase classname="tests.test_adapters.TestHarnessAdapters" name="test_zcode_config_merge_preserves_foreign_keys" time="0.003" /><testcase classname="tests.test_adapters.TestHarnessAdapters" name="test_zcode_setup_idempotent" time="0.004" /><testcase classname="tests.test_adversarial_edge_cases.AdversarialLanguageExtractionTests" name="test_java_enum_and_record_with_implements" time="0.001" /><testcase classname="tests.test_adversarial_edge_cases.AdversarialLanguageExtractionTests" name="test_java_sealed_class_with_permits_clause" time="0.001" /><testcase classname="tests.test_adversarial_edge_cases.AdversarialLanguageExtractionTests" name="test_python_stacked_decorators_and_inner_imports" time="0.008" /><testcase classname="tests.test_adversarial_edge_cases.AdversarialLanguageExtractionTests" name="test_typescript_declaration_and_reexports" time="0.136" /><testcase classname="tests.test_adversarial_edge_cases.AdversarialFilesystemAndUnicodeTests" name="test_broken_symlink_does_not_crash_reconciler" time="0.008" /><testcase classname="tests.test_adversarial_edge_cases.AdversarialFilesystemAndUnicodeTests" name="test_vietnamese_unicode_filenames_and_symbols" time="0.011" /><testcase classname="tests.test_adversarial_edge_cases.AdversarialDatabaseAndFtsTests" name="test_fts5_queries_with_special_characters_do_not_throw" time="0.015" /><testcase classname="tests.test_adversarial_edge_cases.AdversarialGraphAnalyticsTests" name="test_circular_dependency_exploration" time="0.005" /><testcase classname="tests.test_adversarial_edge_cases.AdversarialGraphAnalyticsTests" name="test_zero_edges_modularity_and_diagnostics" time="0.064" /><testcase classname="tests.test_adversarial_edge_cases.AdversarialConcurrencyTests" name="test_concurrent_search_and_reconcile_stress" time="1.032" /><testcase classname="tests.test_analytics.AnalyticsTests" name="test_analytics_graph_construction_and_metrics" time="0.175" /><testcase classname="tests.test_analytics.AnalyticsTests" name="test_architectural_profile_and_mermaid_diagrams" time="0.168" /><testcase classname="tests.test_analytics.AnalyticsTests" name="test_cli_report_and_cluster_commands" time="0.182" /><testcase classname="tests.test_analytics.AnalyticsTests" name="test_community_labels_are_repo_relative" time="0.165" /><testcase classname="tests.test_analytics.AnalyticsTests" name="test_cooperative_cancellation_analytics_graph" time="0.182" /><testcase classname="tests.test_analytics.AnalyticsTests" name="test_cooperative_cancellation_mcp_service" time="0.171" /><testcase classname="tests.test_analytics.AnalyticsTests" name="test_layer_classification" time="0.006" /><testcase classname="tests.test_analytics.AnalyticsTests" name="test_pagerank_cancellation" time="0.005" /><testcase classname="tests.test_analytics.AnalyticsTests" name="test_pattern_and_framework_detection" time="0.169" /><testcase classname="tests.test_analytics.AnalyticsTests" name="test_precomputed_degrees_cache_handling" time="0.006" /><testcase classname="tests.test_analytics.AnalyticsTests" name="test_sql_degree_aggregation_and_graph_degrees" time="0.163" /><testcase classname="tests.test_assurance_state.TestAssuranceState" name="test_canonical_statuses_and_severity" time="0.000" /><testcase classname="tests.test_assurance_state.TestAssuranceState" name="test_all_clear_yields_assured" time="0.000" /><testcase classname="tests.test_assurance_state.TestAssuranceState" name="test_identity_not_found_yields_abstained" time="0.000" /><testcase classname="tests.test_assurance_state.TestAssuranceState" name="test_identity_ambiguous_yields_abstained" time="0.000" /><testcase classname="tests.test_assurance_state.TestAssuranceState" name="test_unbound_snapshot_yields_unverifiable" time="0.000" /><testcase classname="tests.test_assurance_state.TestAssuranceState" name="test_stale_files_yields_stale" time="0.000" /><testcase classname="tests.test_assurance_state.TestAssuranceState" name="test_open_conflicts_yields_conflicted" time="0.000" /><testcase classname="tests.test_assurance_state.TestAssuranceState" name="test_multiple_violations_collects_all_reasons_and_max_severity" time="0.000" /><testcase classname="tests.test_assurance_state.TestAssuranceState" name="test_abstained_dominates_unverifiable_and_partial" time="0.000" /><testcase classname="tests.test_assurance_state.TestAssuranceState" name="test_presence_claim_allows_unmeasured_coverage" time="0.000" /><testcase classname="tests.test_assurance_state.TestAssuranceState" name="test_dynamic_dispatch_unresolved_degrades_to_partial" time="0.000" /><testcase classname="tests.test_bundle.TestArchitectureBundler" name="test_bundler_extract_bundle" time="0.017" /><testcase classname="tests.test_bundle.TestArchitectureBundler" name="test_bundler_with_graph_instance" time="0.015" /><testcase classname="tests.test_bundle.TestArchitectureBundler" name="test_cli_cmd_bundle" time="0.020" /><testcase classname="tests.test_bundle.TestArchitectureBundler" name="test_mcp_service_bundle_sync_and_async" time="0.023" /><testcase classname="tests.test_bundle_conformance.TestBundleConformance" name="test_coverage_matches_detector_eligibility" time="0.001" /><testcase classname="tests.test_bundle_conformance.TestBundleConformance" name="test_findings_are_heuristic_candidates_not_true_violations" time="0.001" /><testcase classname="tests.test_bundle_conformance.TestBundleConformance" name="test_json_markdown_emit_same_verdict" time="0.003" /><testcase classname="tests.test_bundle_conformance.TestBundleConformance" name="test_metrics_json_backward_compatible_keys" time="0.001" /><testcase classname="tests.test_bundle_conformance.TestBundleConformance" name="test_missing_policy_not_assessed" time="0.001" /><testcase classname="tests.test_bundle_conformance.TestBundleConformance" name="test_no_false_conformance_when_scope_assessed" time="0.001" /><testcase classname="tests.test_bundle_conformance.TestBundleConformance" name="test_no_profile_branch_not_assessed_and_zeroes_coverage" time="0.002" /><testcase classname="tests.test_bundle_conformance.TestTemplateSchemaDriven" name="test_conformance_status_vocabulary_and_forbidden_claims" time="0.001" /><testcase classname="tests.test_bundle_conformance.TestTemplateSchemaDriven" name="test_no_domain_assumptions" time="0.002" /><testcase classname="tests.test_bundle_conformance.TestTemplateSchemaDriven" name="test_referenced_metrics_keys_match_producer" time="0.001" /><testcase classname="tests.test_bundle_conformance.TestTemplateSchemaDriven" name="test_requires_evidence_refs_or_unknown_inference" time="0.000" /><testcase classname="tests.test_bundle_conformance.TestTemplateSchemaDriven" name="test_transitions_and_connectivity_not_inferred_from_signals" time="0.001" /><testcase classname="tests.test_c_cpp_extractor.TestCCppExtractor" name="test_c_ast_extraction" time="0.006" /><testcase classname="tests.test_c_cpp_extractor.TestCCppExtractor" name="test_c_cpp_fallback_without_treesitter" time="0.006" /><testcase classname="tests.test_c_cpp_extractor.TestCCppExtractor" name="test_c_cpp_reconciliation_end_to_end" time="0.009" /><testcase classname="tests.test_c_cpp_extractor.TestCCppExtractor" name="test_cpp_ast_inheritance_and_calls" time="0.006" /><testcase classname="tests.test_cbm_adapter.TestRedactArgv" name="test_separated_sensitive_value_masked" time="0.000" /><testcase classname="tests.test_cbm_adapter.TestRedactArgv" name="test_inline_sensitive_value_masked" time="0.000" /><testcase classname="tests.test_cbm_adapter.TestRedactArgv" name="test_benign_flags_untouched" time="0.000" /><testcase classname="tests.test_cbm_adapter.TestProbe" name="test_missing_executable_not_installed" time="0.006" /><testcase classname="tests.test_cbm_adapter.TestProbe" name="test_version_probe_parses_version" time="0.522" /><testcase classname="tests.test_cbm_adapter.TestProbe" name="test_unparseable_version_output_is_unhealthy" time="0.456" /><testcase classname="tests.test_cbm_adapter.TestProbe" name="test_nonzero_version_probe_is_unhealthy" time="0.453" /><testcase classname="tests.test_cbm_adapter.TestInvocationContract" name="test_success_payload_extraction" time="0.506" /><testcase classname="tests.test_cbm_adapter.TestInvocationContract" name="test_structured_content_preferred_over_content_text" time="0.512" /><testcase classname="tests.test_cbm_adapter.TestInvocationContract" name="test_is_error_envelope_fails_with_message" time="0.467" /><testcase classname="tests.test_cbm_adapter.TestInvocationContract" name="test_jsonrpc_error_envelope_detected" time="0.440" /><testcase classname="tests.test_cbm_adapter.TestInvocationContract" name="test_exit_nonzero_after_ok_envelope_fails_closed" time="0.476" /><testcase classname="tests.test_cbm_adapter.TestStdoutCorruption" name="test_empty_stdout" time="0.467" /><testcase classname="tests.test_cbm_adapter.TestStdoutCorruption" name="test_malformed_json" time="0.463" /><testcase classname="tests.test_cbm_adapter.TestStdoutCorruption" name="test_multiple_json_documents" time="0.467" /><testcase classname="tests.test_cbm_adapter.TestStdoutCorruption" name="test_log_lines_mixed_into_stdout_rejected" time="0.432" /><testcase classname="tests.test_cbm_adapter.TestStdoutCorruption" name="test_oversized_payload_truncated_not_parsed" time="0.472" /><testcase classname="tests.test_cbm_adapter.TestSchemaDrift" name="test_drifted_envelopes_fail_closed[&lt;lambda&gt;-schema_drift0]" time="0.489" /><testcase classname="tests.test_cbm_adapter.TestSchemaDrift" name="test_drifted_envelopes_fail_closed[&lt;lambda&gt;-schema_drift1]" time="0.458" /><testcase classname="tests.test_cbm_adapter.TestSchemaDrift" name="test_drifted_envelopes_fail_closed[&lt;lambda&gt;-schema_drift2]" time="0.455" /><testcase classname="tests.test_cbm_adapter.TestSchemaDrift" name="test_drifted_envelopes_fail_closed[&lt;lambda&gt;-schema_drift3]" time="0.469" /><testcase classname="tests.test_cbm_adapter.TestSchemaDrift" name="test_drifted_envelopes_fail_closed[&lt;lambda&gt;-schema_drift4]" time="0.470" /><testcase classname="tests.test_cbm_adapter.TestSchemaDrift" name="test_non_json_text_report_fails_closed_as_drift" time="0.514" /><testcase classname="tests.test_cbm_adapter.TestSchemaDrift" name="test_unknown_enum_like_field_preserved_verbatim" time="0.487" /><testcase classname="tests.test_cbm_adapter.TestVersionGate" name="test_incompatible_version_fails_closed" time="0.463" /><testcase classname="tests.test_cbm_adapter.TestVersionGate" name="test_untested_patch_version_runs_but_is_flagged" time="0.536" /><testcase classname="tests.test_cbm_adapter.TestVersionGate" name="test_compatible_version_runs_compatible" time="0.515" /><testcase classname="tests.test_cbm_adapter.TestVersionGate" name="test_unprobed_provider_reports_unknown_without_refusing" time="0.498" /><testcase classname="tests.test_cbm_adapter.TestTimeoutAndOrphans" name="test_timeout_kills_whole_group_and_reports" time="2.018" /><testcase classname="tests.test_cbm_adapter.TestTimeoutAndOrphans" name="test_injection_string_and_unicode_path_stay_single_argv_element" time="0.328" /><testcase classname="tests.test_cbm_adapter.TestTimeoutAndOrphans" name="test_sensitive_flag_values_redacted_in_ledger" time="0.516" /><testcase classname="tests.test_cbm_adapter.TestTimeoutAndEvidenceDefaults" name="test_request_constructor_and_config_timeout_precedence" time="0.106" /><testcase classname="tests.test_cbm_adapter.TestTimeoutAndEvidenceDefaults" name="test_explicit_zero_confidence_is_persisted" time="0.000" /><testcase classname="tests.test_cbm_adapter.TestLedgerAndRecords" name="test_run_record_returned_without_db" time="0.509" /><testcase classname="tests.test_cbm_adapter.TestLedgerAndRecords" name="test_ledger_receives_matching_run_id" time="0.251" /><testcase classname="tests.test_cbm_adapter.TestFailClosedVsOptionalFallback" name="test_required_provider_failure_never_fabricates" time="0.443" /><testcase classname="tests.test_cbm_adapter.TestFailClosedVsOptionalFallback" name="test_capability_negotiation_gates_methods" time="0.000" /><testcase classname="tests.test_cbm_adapter.TestEnsureIndexAbstainsP1" name="test_ensure_index_never_invokes_binary" time="0.001" /><testcase classname="tests.test_cbm_adapter.TestEnsureIndexAbstainsP1" name="test_coverage_failure_points_at_sync" time="0.420" /><testcase classname="tests.test_cbm_adapter.TestProjectResolution" name="test_explicit_project_skips_list_projects" time="0.228" /><testcase classname="tests.test_cbm_adapter.TestProjectResolution" name="test_resolved_project_injected_when_omitted" time="0.520" /><testcase classname="tests.test_cbm_adapter.TestProjectResolution" name="test_trace_sends_function_name_wire_key" time="0.256" /><testcase classname="tests.test_cbm_adapter.TestProjectResolution" name="test_zero_project_match_abstains_without_tool_call" time="0.460" /><testcase classname="tests.test_cbm_adapter.TestProjectResolution" name="test_ambiguous_project_match_abstains" time="0.467" /><testcase classname="tests.test_cbm_adapter.TestProjectResolution" name="test_resolution_cached_per_repo_root" time="0.626" /><testcase classname="tests.test_cbm_contract_parity.TestBuiltinOnlyPolicy" name="test_builtin_spec_never_spawns_on_either_surface" time="0.122" /><testcase classname="tests.test_cbm_contract_parity.TestFailurePolicyParity" name="test_required_provider_fails_closed_on_both_surfaces" time="0.086" /><testcase classname="tests.test_cbm_contract_parity.TestVersionPolicyParity" name="test_healthy_probe_reports_pinned_version_single_spawn" time="0.554" /><testcase classname="tests.test_cbm_contract_parity.TestVersionPolicyParity" name="test_unknown_version_degrades_explicitly_never_silently" time="0.587" /><testcase classname="tests.test_cbm_contract_parity.TestGoldenFixtureSuiteInventory" name="test_suite_digest_matches_recorded_constant" time="0.002" /><testcase classname="tests.test_cbm_exact_compatibility.TestExactMatchPermitsFakeBinary" name="test_digest_exact_fake_binary_dispatches" time="0.483" /><testcase classname="tests.test_cbm_exact_compatibility.TestExactMatchPermitsFakeBinary" name="test_assessment_serialization_is_the_single_parser_shape" time="0.487" /><testcase classname="tests.test_cbm_exact_compatibility.TestCallerCannotLie" name="test_swapped_binary_same_version_refused_without_spawn" time="0.489" /><testcase classname="tests.test_cbm_exact_compatibility.TestCallerCannotLie" name="test_claiming_swapped_digest_under_tested_version_refused" time="0.001" /><testcase classname="tests.test_cbm_exact_compatibility.TestCallerCannotLie" name="test_fresh_hash_each_dispatch_detects_replacement" time="0.501" /><testcase classname="tests.test_cbm_exact_compatibility.TestMissingEvidence" name="test_unsupported_operation_refused_without_spawn" time="0.001" /><testcase classname="tests.test_cbm_exact_compatibility.TestMissingEvidence" name="test_fixture_digest_mismatch_unknown_no_spawn" time="0.001" /><testcase classname="tests.test_cbm_exact_compatibility.TestMissingEvidence" name="test_protocol_mismatch_incompatible_no_spawn" time="0.001" /><testcase classname="tests.test_cbm_exact_compatibility.TestPartialContextNoDowngrade" name="test_partial_contexts_fail_closed_never_legacy" time="0.001" /><testcase classname="tests.test_cbm_exact_compatibility.TestProbeDistinction" name="test_probe_gated_by_probe_operation_record" time="0.001" /><testcase classname="tests.test_cbm_exact_compatibility.TestProbeDistinction" name="test_verified_digest_permits_probe_despite_unknown_version" time="0.434" /><testcase classname="tests.test_cbm_exact_compatibility.TestProbeDistinction" name="test_probe_with_record_runs_and_fills_version" time="0.486" /><testcase classname="tests.test_cbm_exact_compatibility.TestExplicitIndexGating" name="test_index_without_record_explicitly_unavailable_no_spawn" time="0.002" /><testcase classname="tests.test_cbm_exact_compatibility.TestExplicitIndexGating" name="test_index_with_record_runs" time="0.499" /><testcase classname="tests.test_cbm_exact_compatibility.TestExplicitIndexGating" name="test_ensure_index_still_abstains_under_strict_context" time="0.002" /><testcase classname="tests.test_cbm_exact_compatibility.TestStrictPathAndCtorValidation" name="test_relative_command_refused_no_path_discovery" time="0.001" /><testcase classname="tests.test_cbm_exact_compatibility.TestStrictPathAndCtorValidation" name="test_missing_executable_unknown_no_spawn" time="0.001" /><testcase classname="tests.test_cbm_exact_compatibility.TestStrictPathAndCtorValidation" name="test_invalid_fixture_digest_fails_context_construction" time="0.000" /><testcase classname="tests.test_cbm_exact_compatibility.TestStrictPathAndCtorValidation" name="test_non_context_object_rejected_at_construction" time="0.000" /><testcase classname="tests.test_cbm_exact_compatibility.TestLegacyUnchanged" name="test_legacy_constructor_keeps_version_only_behavior" time="0.542" /><testcase classname="tests.test_cbm_exact_compatibility.TestStrictCtorCommandValidation" name="test_interpreter_script_command_rejected_before_spawn" time="0.001" /><testcase classname="tests.test_cbm_exact_compatibility.TestStrictCtorCommandValidation" name="test_repo_config_command_rejected_under_strict" time="0.001" /><testcase classname="tests.test_cbm_exact_compatibility.TestStrictCtorCommandValidation" name="test_relative_single_command_rejected_at_construction" time="0.001" /><testcase classname="tests.test_cbm_exact_compatibility.TestStrictCtorCommandValidation" name="test_post_ctor_prefix_mutation_refused_no_spawn_unverified" time="0.001" /><testcase classname="tests.test_cbm_exact_compatibility.TestTrustNormalizationSafety" name="test_false_claimed_hash_refused_unverified" time="0.001" /><testcase classname="tests.test_cbm_exact_compatibility.TestTrustNormalizationSafety" name="test_wrong_record_version_still_exact_supported" time="0.495" /><testcase classname="tests.test_cbm_exact_compatibility.TestRefusalRecovery" name="test_project_refusal_not_cached_and_remediation_preserved" time="0.528" /><testcase classname="tests.test_cbm_exact_compatibility.TestRefusalRecovery" name="test_binary_repair_recovers_same_instance" time="0.558" /><testcase classname="tests.test_cbm_exact_compatibility.TestProbeConcurrency" name="test_concurrent_probes_deterministic_bounded_spawns" time="0.462" /><testcase classname="tests.test_cbm_golden" name="test_golden_envelope_schema[check_index_coverage]" time="0.001" /><testcase classname="tests.test_cbm_golden" name="test_golden_envelope_schema[index_status]" time="0.000" /><testcase classname="tests.test_cbm_golden" name="test_golden_envelope_schema[list_projects]" time="0.000" /><testcase classname="tests.test_cbm_golden" name="test_golden_envelope_schema[detect_changes]" time="0.000" /><testcase classname="tests.test_cbm_golden" name="test_golden_envelope_schema[get_architecture]" time="0.000" /><testcase classname="tests.test_cbm_golden" name="test_golden_envelope_schema[search_graph]" time="0.000" /><testcase classname="tests.test_cbm_golden" name="test_golden_envelope_schema[trace_path]" time="0.000" /><testcase classname="tests.test_cbm_golden" name="test_golden_json_fields[check_index_coverage]" time="0.000" /><testcase classname="tests.test_cbm_golden" name="test_golden_json_fields[index_status]" time="0.000" /><testcase classname="tests.test_cbm_golden" name="test_golden_json_fields[list_projects]" time="0.000" /><testcase classname="tests.test_cbm_golden" name="test_golden_text_report_markers[detect_changes]" time="0.001" /><testcase classname="tests.test_cbm_golden" name="test_golden_text_report_markers[get_architecture]" time="0.000" /><testcase classname="tests.test_cbm_golden" name="test_golden_text_report_markers[search_graph]" time="0.000" /><testcase classname="tests.test_cbm_golden" name="test_golden_text_report_markers[trace_path]" time="0.001" /><testcase classname="tests.test_cbm_golden" name="test_search_graph_ground_truth_direct_call" time="0.000" /><testcase classname="tests.test_cbm_golden" name="test_trace_path_ground_truth_callees" time="0.000" /><testcase classname="tests.test_cbm_golden" name="test_meta_consistency" time="0.000" /><testcase classname="tests.test_cbm_managed_provider.TestInjectionContract" name="test_requires_exact_context" time="0.002" /><testcase classname="tests.test_cbm_managed_provider.TestInjectionContract" name="test_rejects_non_protocol_object" time="0.001" /><testcase classname="tests.test_cbm_managed_provider.TestInjectionContract" name="test_rejects_runtime_without_repo_binding" time="0.001" /><testcase classname="tests.test_cbm_managed_provider.TestInjectionContract" name="test_rejects_runtime_without_exact_context" time="0.001" /><testcase classname="tests.test_cbm_managed_provider.TestInjectionContract" name="test_rejects_runtime_without_exe" time="0.001" /><testcase classname="tests.test_cbm_managed_provider.TestInjectionContract" name="test_rejects_divergent_executable" time="0.001" /><testcase classname="tests.test_cbm_managed_provider.TestInjectionContract" name="test_rejects_non_equivalent_context" time="0.001" /><testcase classname="tests.test_cbm_managed_provider.TestInjectionContract" name="test_accepts_equivalent_context" time="0.020" /><testcase classname="tests.test_cbm_managed_provider.TestManagedRoutingZeroSpawn" name="test_search_routes_allowlisted_args" time="0.019" /><testcase classname="tests.test_cbm_managed_provider.TestManagedRoutingZeroSpawn" name="test_trace_explicit_unsupported_no_fallback" time="0.002" /><testcase classname="tests.test_cbm_managed_provider.TestManagedRoutingZeroSpawn" name="test_coverage_explicit_unsupported_no_fallback" time="0.001" /><testcase classname="tests.test_cbm_managed_provider.TestManagedRoutingZeroSpawn" name="test_probe_prepared_reads_state_only" time="0.001" /><testcase classname="tests.test_cbm_managed_provider.TestManagedRoutingZeroSpawn" name="test_probe_unprepared_unhealthy" time="0.001" /><testcase classname="tests.test_cbm_managed_provider.TestManagedRoutingZeroSpawn" name="test_repo_mismatch_refuses_without_dispatch" time="0.001" /><testcase classname="tests.test_cbm_managed_provider.TestManagedRoutingZeroSpawn" name="test_command_mutation_refused" time="0.001" /><testcase classname="tests.test_cbm_managed_provider.TestManagedRoutingZeroSpawn" name="test_runtime_exception_honest" time="0.001" /><testcase classname="tests.test_cbm_managed_provider.TestManagedRoutingZeroSpawn" name="test_runtime_gate_refusal_not_artifact_verified" time="0.001" /><testcase classname="tests.test_cbm_managed_provider.TestManagedRoutingZeroSpawn" name="test_timeout_carries_cancellation_state" time="0.001" /><testcase classname="tests.test_cbm_managed_provider.TestManagedRoutingZeroSpawn" name="test_unprepared_query_points_to_sync_never_prepares" time="0.001" /><testcase classname="tests.test_cbm_managed_provider.TestRealManagedRuntime" name="test_prepare_index_publishes_ledger_binding" time="0.202" /><testcase classname="tests.test_cbm_managed_provider.TestRealManagedRuntime" name="test_search_after_index_is_snapshot_bound_fresh" time="0.274" /><testcase classname="tests.test_cbm_managed_provider.TestRealManagedRuntime" name="test_probe_after_prepare_dispatches_nothing" time="0.207" /><testcase classname="tests.test_cbm_managed_provider.TestRealManagedRuntime" name="test_probe_before_prepare_never_writes" time="0.121" /><testcase classname="tests.test_cbm_managed_provider.TestRealManagedRuntime" name="test_sync_receipt_failure_quarantines_and_persists" time="0.161" /><testcase classname="tests.test_cbm_managed_provider.TestRealManagedRuntime" name="test_dirty_worktree_preserves_false_stale_binding" time="0.203" /><testcase classname="tests.test_cbm_managed_provider.TestNativeHeadProof" name="test_index_persists_unknown_native_exit" time="0.220" /><testcase classname="tests.test_cbm_managed_provider.TestNativeHeadProof" name="test_native_head_missing_publishes_no_binding_never_fresh" time="0.208" /><testcase classname="tests.test_cbm_managed_provider.TestNativeHeadProof" name="test_noop_index_stale_native_head_not_fresh" time="0.242" /><testcase classname="tests.test_cbm_managed_provider.TestNativeHeadProof" name="test_matching_native_head_still_publishes_fresh" time="0.221" /><testcase classname="tests.test_cbm_managed_provider.TestManagedReceiptRobustness" name="test_prepare_exception_persists_nonok_receipt" time="0.041" /><testcase classname="tests.test_cbm_managed_provider.TestManagedReceiptRobustness" name="test_sync_exception_persists_nonok_receipt" time="0.035" /><testcase classname="tests.test_cbm_managed_provider.TestManagedProbeAdvertisement" name="test_capabilities_intersected_with_managed_served" time="0.002" /><testcase classname="tests.test_cbm_managed_provider.TestManagedProbeAdvertisement" name="test_probe_requires_served_operation_evidence" time="0.001" /><testcase classname="tests.test_cbm_managed_provider.TestPriorBindingHeadRegression" name="test_matching_prior_head_without_native_head_not_fresh" time="0.204" /><testcase classname="tests.test_cbm_managed_provider.TestLedgerFailurePublication" name="test_transaction_failure_preserves_prior_ledger" time="0.218" /><testcase classname="tests.test_cbm_managed_provider.TestLedgerFailurePublication" name="test_legacy_publication_failure_keeps_dispatch_status" time="0.041" /><testcase classname="tests.test_cbm_normalization.TestMappingTable" name="test_table_is_versioned_and_pins_tested_cbm_release" time="0.000" /><testcase classname="tests.test_cbm_normalization.TestMappingTable" name="test_known_aliases_map_to_canonical_relations[call-CALLS-True]" time="0.000" /><testcase classname="tests.test_cbm_normalization.TestMappingTable" name="test_known_aliases_map_to_canonical_relations[calls-CALLS-True]" time="0.000" /><testcase classname="tests.test_cbm_normalization.TestMappingTable" name="test_known_aliases_map_to_canonical_relations[reference-CALLS-False]" time="0.000" /><testcase classname="tests.test_cbm_normalization.TestMappingTable" name="test_known_aliases_map_to_canonical_relations[usage-CALLS-False]" time="0.000" /><testcase classname="tests.test_cbm_normalization.TestMappingTable" name="test_known_aliases_map_to_canonical_relations[import-IMPORTS-True]" time="0.000" /><testcase classname="tests.test_cbm_normalization.TestMappingTable" name="test_known_aliases_map_to_canonical_relations[defines-DEFINES-True]" time="0.000" /><testcase classname="tests.test_cbm_normalization.TestMappingTable" name="test_known_aliases_map_to_canonical_relations[implements-IMPLEMENTS-True]" time="0.000" /><testcase classname="tests.test_cbm_normalization.TestMappingTable" name="test_known_aliases_map_to_canonical_relations[inherits-INHERITS-True]" time="0.000" /><testcase classname="tests.test_cbm_normalization.TestMappingTable" name="test_known_aliases_map_to_canonical_relations[extends-INHERITS-True]" time="0.000" /><testcase classname="tests.test_cbm_normalization.TestMappingTable" name="test_lookup_is_case_insensitive" time="0.000" /><testcase classname="tests.test_cbm_normalization.TestMappingTable" name="test_unknown_relation_abstains" time="0.000" /><testcase classname="tests.test_cbm_normalization.TestCanonicalSubject" name="test_full_span_subject_normalizes" time="0.000" /><testcase classname="tests.test_cbm_normalization.TestCanonicalSubject" name="test_missing_span_flags_low_resolution_identity" time="0.000" /><testcase classname="tests.test_cbm_normalization.TestCanonicalSubject" name="test_required_fields_missing_yields_no_subject" time="0.000" /><testcase classname="tests.test_cbm_normalization.TestCanonicalSubject" name="test_nested_span_object_is_unpacked" time="0.000" /><testcase classname="tests.test_cbm_normalization.TestTrustCeiling" name="test_fully_proven_assertion_is_supported_exact" time="0.000" /><testcase classname="tests.test_cbm_normalization.TestTrustCeiling" name="test_unbound_snapshot_never_reaches_supported" time="0.000" /><testcase classname="tests.test_cbm_normalization.TestTrustCeiling" name="test_source_changed_after_index_is_stale" time="0.000" /><testcase classname="tests.test_cbm_normalization.TestTrustCeiling" name="test_multiple_targets_are_ambiguous" time="0.000" /><testcase classname="tests.test_cbm_normalization.TestTrustCeiling" name="test_missing_span_caps_at_heuristic_inferred" time="0.000" /><testcase classname="tests.test_cbm_normalization.TestTrustCeiling" name="test_untested_wire_caps_at_unverifiable" time="0.000" /><testcase classname="tests.test_cbm_normalization.TestTrustCeiling" name="test_unknown_wire_caps_at_unverifiable" time="0.000" /><testcase classname="tests.test_cbm_normalization.TestTrustCeiling" name="test_default_version_compatibility_preserves_legacy" time="0.000" /><testcase classname="tests.test_cbm_normalization.TestNormalizeAssertion" name="test_direct_call_with_binding_and_span_is_supported" time="0.000" /><testcase classname="tests.test_cbm_normalization.TestNormalizeAssertion" name="test_name_only_usage_stays_inferred_even_when_bound" time="0.000" /><testcase classname="tests.test_cbm_normalization.TestNormalizeAssertion" name="test_multi_target_call_is_ambiguous" time="0.000" /><testcase classname="tests.test_cbm_normalization.TestNormalizeAssertion" name="test_unbound_binding_caps_everything_at_unverifiable" time="0.000" /><testcase classname="tests.test_cbm_normalization.TestNormalizeAssertion" name="test_unknown_provider_relation_abstains_to_unknown" time="0.000" /><testcase classname="tests.test_cbm_remediation_surface.TestNextActionAllowlist" name="test_allowlist_is_sot_only" time="0.000" /><testcase classname="tests.test_cbm_remediation_surface.TestNextActionAllowlist" name="test_sync_references_verified_cli_command" time="0.000" /><testcase classname="tests.test_cbm_remediation_surface.TestNextActionAllowlist" name="test_version_pin_is_explicit_unavailable_not_invented" time="0.000" /><testcase classname="tests.test_cbm_remediation_surface.TestNextActionAllowlist" name="test_explicit_project_guidance_reports_unavailable" time="0.000" /><testcase classname="tests.test_cbm_remediation_surface.TestNextActionAllowlist" name="test_allowlisted_values_pass_through[unavailable via sot: no command can pin, upgrade, or install the codebase-memory binary; queries fail closed on this wire (golden-tested 0.10.8)]" time="0.000" /><testcase classname="tests.test_cbm_remediation_surface.TestNextActionAllowlist" name="test_allowlisted_values_pass_through[sot cannot currently resolve ambiguous codebase-memory projects; no sot command applies]" time="0.000" /><testcase classname="tests.test_cbm_remediation_surface.TestNextActionAllowlist" name="test_allowlisted_values_pass_through[run sot providers sync codebase-memory]" time="0.000" /><testcase classname="tests.test_cbm_remediation_surface.TestNextActionAllowlist" name="test_allowlisted_values_pass_through[rerun after a sot provider adapter update; no sot command fixes provider schema drift]" time="0.000" /><testcase classname="tests.test_cbm_remediation_surface.TestNextActionAllowlist" name="test_allowlisted_values_pass_through[None]" time="0.000" /><testcase classname="tests.test_cbm_remediation_surface.TestNextActionAllowlist" name="test_native_derived_value_fails_closed_to_none" time="0.000" /><testcase classname="tests.test_cbm_remediation_surface.TestHostileNativeTextNeverBecomesInstructions" name="test_exit1_hostile_stderr_omitted_from_public_error" time="0.001" /><testcase classname="tests.test_cbm_remediation_surface.TestHostileNativeTextNeverBecomesInstructions" name="test_iserror_envelope_pitch_omitted_and_classified" time="0.001" /><testcase classname="tests.test_cbm_remediation_surface.TestHostileNativeTextNeverBecomesInstructions" name="test_jsonrpc_bootstrap_pitch_omitted" time="0.001" /><testcase classname="tests.test_cbm_remediation_surface.TestHostileNativeTextNeverBecomesInstructions" name="test_malformed_json_stdout_with_pitch_omitted" time="0.001" /><testcase classname="tests.test_cbm_remediation_surface.TestHostileNativeTextNeverBecomesInstructions" name="test_empty_stdout_hostile_stderr_omitted" time="0.001" /><testcase classname="tests.test_cbm_remediation_surface.TestHostileNativeTextNeverBecomesInstructions" name="test_control_and_bidi_smuggling_omitted" time="0.001" /><testcase classname="tests.test_cbm_remediation_surface.TestHostileNativeTextNeverBecomesInstructions" name="test_hostile_text_never_turns_failure_into_success" time="0.001" /><testcase classname="tests.test_cbm_remediation_surface.TestErrorCategoriesPreserved" name="test_classification_and_allowlisted_next_action[&lt;lambda&gt;-spawn_failed]" time="0.001" /><testcase classname="tests.test_cbm_remediation_surface.TestErrorCategoriesPreserved" name="test_classification_and_allowlisted_next_action[&lt;lambda&gt;-timeout]" time="0.001" /><testcase classname="tests.test_cbm_remediation_surface.TestErrorCategoriesPreserved" name="test_classification_and_allowlisted_next_action[&lt;lambda&gt;-truncated]" time="0.001" /><testcase classname="tests.test_cbm_remediation_surface.TestErrorCategoriesPreserved" name="test_classification_and_allowlisted_next_action[&lt;lambda&gt;-bad_arguments]" time="0.001" /><testcase classname="tests.test_cbm_remediation_surface.TestErrorCategoriesPreserved" name="test_classification_and_allowlisted_next_action[&lt;lambda&gt;-multiple_json]" time="0.001" /><testcase classname="tests.test_cbm_remediation_surface.TestErrorCategoriesPreserved" name="test_classification_and_allowlisted_next_action[&lt;lambda&gt;-provider_error]" time="0.001" /><testcase classname="tests.test_cbm_remediation_surface.TestErrorCategoriesPreserved" name="test_schema_drift_envelope_not_object" time="0.002" /><testcase classname="tests.test_cbm_remediation_surface.TestErrorCategoriesPreserved" name="test_ledger_record_next_action_also_allowlisted" time="0.001" /><testcase classname="tests.test_cbm_remediation_surface.TestVersionPinExplicitlyUnavailable" name="test_incompatible_version_next_action_is_unavailable_marker" time="0.001" /><testcase classname="tests.test_cbm_remediation_surface.TestVersionPinExplicitlyUnavailable" name="test_incompatible_version_never_spawns" time="0.001" /><testcase classname="tests.test_cbm_remediation_surface.TestConflictingProjectResolution" name="test_conflicting_projects_explicit_project_not_native_command" time="0.001" /><testcase classname="tests.test_cbm_remediation_surface.TestConflictingProjectResolution" name="test_zero_match_points_at_sot_sync" time="0.001" /><testcase classname="tests.test_cbm_remediation_surface.TestConflictingProjectResolution" name="test_list_projects_failure_bounded_sync_next_action" time="0.001" /><testcase classname="tests.test_cbm_remediation_surface.TestProvenanceAndSuccessPathPreserved" name="test_successful_outcome_untouched" time="0.002" /><testcase classname="tests.test_cbm_remediation_surface.TestProvenanceAndSuccessPathPreserved" name="test_provider_name_and_capability_provenance_kept" time="0.001" /><testcase classname="tests.test_cbm_remediation_surface.TestProvenanceAndSuccessPathPreserved" name="test_clean_native_message_omitted_classification_kept" time="0.001" /><testcase classname="tests.test_cbm_remediation_surface.TestProvenanceAndSuccessPathPreserved" name="test_sync_public_record_withholds_hostile_text" time="0.037" /><testcase classname="tests.test_cbm_remediation_surface.TestProvenanceAndSuccessPathPreserved" name="test_coverage_failure_points_at_sync" time="0.001" /><testcase classname="tests.test_cbm_snapshot_p2.TestFreshBinding" name="test_clean_head_binds_correctly" time="0.700" /><testcase classname="tests.test_cbm_snapshot_p2.TestFreshBinding" name="test_run_and_binding_rows_persisted" time="0.521" /><testcase classname="tests.test_cbm_snapshot_p2.TestStalenessDowngrade" name="test_mutation_without_reindex_downgrades_to_stale[add_caller]" time="0.673" /><testcase classname="tests.test_cbm_snapshot_p2.TestStalenessDowngrade" name="test_mutation_without_reindex_downgrades_to_stale[delete_file]" time="0.662" /><testcase classname="tests.test_cbm_snapshot_p2.TestStalenessDowngrade" name="test_mutation_without_reindex_downgrades_to_stale[edit_body]" time="0.641" /><testcase classname="tests.test_cbm_snapshot_p2.TestStalenessDowngrade" name="test_mutation_without_reindex_downgrades_to_stale[rename_file]" time="0.653" /><testcase classname="tests.test_cbm_snapshot_p2.TestStalenessDowngrade" name="test_unbound_index_never_supported" time="0.409" /><testcase classname="tests.test_cbm_snapshot_p2.TestStalenessDowngrade" name="test_reindex_restores_freshness" time="0.738" /><testcase classname="tests.test_cbm_snapshot_p2.TestCoverageStaleness" name="test_stale_coverage_entry_downgrades_even_with_matching_head" time="0.466" /><testcase classname="tests.test_cbm_snapshot_p2.TestCoverageStaleness" name="test_all_fresh_coverage_stays_fresh" time="0.490" /><testcase classname="tests.test_cbm_snapshot_p2.TestUnknownFailClosed" name="test_non_git_dir_yields_unknown_never_supported" time="0.329" /><testcase classname="tests.test_cbm_snapshot_p2.TestMigrationV6ToV7" name="test_v6_database_migrates_additively" time="0.009" /><testcase classname="tests.test_cbm_snapshot_p2.TestMigrationV6ToV7" name="test_reopening_migrated_db_is_idempotent" time="0.009" /><testcase classname="tests.test_cbm_snapshot_p2.TestMigrationV6ToV7" name="test_fresh_database_creates_v7_directly" time="0.005" /><testcase classname="tests.test_cbm_snapshot_p2.TestRunPersistenceRobustness" name="test_record_provider_run_persists_every_field" time="0.005" /><testcase classname="tests.test_cbm_snapshot_p2.TestRunPersistenceRobustness" name="test_crash_before_commit_leaves_no_partial_row" time="0.005" /><testcase classname="tests.test_cbm_snapshot_p2.TestRunPersistenceRobustness" name="test_adapter_survives_exploding_ledger" time="0.466" /><testcase classname="tests.test_cbm_snapshot_p2.TestRunPersistenceRobustness" name="test_provider_binding_upsert_is_idempotent" time="0.005" /><testcase classname="tests.test_cbm_snapshot_p2.TestRunPersistenceRobustness" name="test_evidence_rows_are_snapshot_scoped" time="0.005" /><testcase classname="tests.test_cbm_snapshot_p2.TestSnapshotMatchContract" name="test_snapshot_flags_fail_closed_by_default" time="0.000" /><testcase classname="tests.test_cbm_snapshot_p2.TestSnapshotMatchContract" name="test_freshness_property_vocabulary" time="0.000" /><testcase classname="tests.test_cbm_verification.TestVerifySubject" name="test_verified_happy_path_on_fixture_repo" time="0.001" /><testcase classname="tests.test_cbm_verification.TestVerifySubject" name="test_span_shifted_after_edit_is_span_mismatch" time="0.000" /><testcase classname="tests.test_cbm_verification.TestVerifySubject" name="test_span_without_definition_is_span_mismatch" time="0.000" /><testcase classname="tests.test_cbm_verification.TestVerifySubject" name="test_deleted_file_is_missing" time="0.000" /><testcase classname="tests.test_cbm_verification.TestVerifySubject" name="test_path_traversal_outside_root_is_rejected" time="0.000" /><testcase classname="tests.test_cbm_verification.TestVerifySubject" name="test_absolute_path_outside_root_is_rejected" time="0.000" /><testcase classname="tests.test_cbm_verification.TestVerifySubject" name="test_generated_pb2_file_not_applicable_with_known_gap" time="0.000" /><testcase classname="tests.test_cbm_verification.TestVerifySubject" name="test_vendor_dir_not_applicable" time="0.000" /><testcase classname="tests.test_cbm_verification.TestVerifySubject" name="test_no_span_is_not_applicable" time="0.000" /><testcase classname="tests.test_cbm_verification.TestVerifySubject" name="test_same_name_twice_inside_one_span_is_ambiguous" time="0.001" /><testcase classname="tests.test_cbm_verification.TestVerifyEdge" name="test_edge_source_without_span_is_not_applicable" time="0.000" /><testcase classname="tests.test_cbm_verification.TestVerifyEdge" name="test_edge_with_span_delegates_to_verify_subject" time="0.000" /><testcase classname="tests.test_cbm_verification.TestTrustCeilingMatrix" name="test_legacy_supported_exact_unchanged" time="0.000" /><testcase classname="tests.test_cbm_verification.TestTrustCeilingMatrix" name="test_legacy_unbound_never_supported" time="0.000" /><testcase classname="tests.test_cbm_verification.TestTrustCeilingMatrix" name="test_legacy_stale_and_heuristic_paths_unchanged" time="0.000" /><testcase classname="tests.test_cbm_verification.TestTrustCeilingMatrix" name="test_bound_fresh_verified_is_supported_exact" time="0.003" /><testcase classname="tests.test_cbm_verification.TestTrustCeilingMatrix" name="test_bound_fresh_span_mismatch_downgrades_to_heuristic" time="0.000" /><testcase classname="tests.test_cbm_verification.TestTrustCeilingMatrix" name="test_bound_fresh_missing_file_downgrades_to_heuristic" time="0.000" /><testcase classname="tests.test_cbm_verification.TestTrustCeilingMatrix" name="test_bound_fresh_ambiguous_is_ambiguous" time="0.000" /><testcase classname="tests.test_cbm_verification.TestTrustCeilingMatrix" name="test_bound_fresh_not_applicable_stays_structural_only" time="0.000" /><testcase classname="tests.test_cbm_verification.TestTrustCeilingMatrix" name="test_stale_snapshot_keeps_stale_even_when_verified" time="0.000" /><testcase classname="tests.test_cbm_verification.TestTrustCeilingMatrix" name="test_unbound_snapshot_match_cannot_elevate" time="0.000" /><testcase classname="tests.test_cbm_verification.TestTrustCeilingMatrix" name="test_missing_snapshot_match_report_is_unbound" time="0.000" /><testcase classname="tests.test_cbm_verification.TestTrustCeilingMatrix" name="test_snapshot_match_accepts_attribute_objects" time="0.000" /><testcase classname="tests.test_cbm_verification.TestTrustCeilingMatrix" name="test_verification_accepts_bare_status_string" time="0.000" /><testcase classname="tests.test_cbm_verification.TestCandidatesWiring" name="test_verified_candidate_reaches_supported_when_fresh" time="0.001" /><testcase classname="tests.test_cbm_verification.TestCandidatesWiring" name="test_adapter_metadata_freshness_reaches_supported" time="0.000" /><testcase classname="tests.test_cbm_verification.TestCandidatesWiring" name="test_adapter_metadata_stale_yields_stale" time="0.000" /><testcase classname="tests.test_cbm_verification.TestCandidatesWiring" name="test_adapter_metadata_unbound_caps_at_unverifiable" time="0.000" /><testcase classname="tests.test_cbm_verification.TestCandidatesWiring" name="test_metadata_without_binding_markers_stays_p1" time="0.000" /><testcase classname="tests.test_cbm_verification.TestCandidatesWiring" name="test_drifted_candidate_is_downgraded_not_supported" time="0.000" /><testcase classname="tests.test_cbm_verification.TestCandidatesWiring" name="test_no_snapshot_match_attr_caps_at_unverifiable" time="0.000" /><testcase classname="tests.test_cbm_verification.TestCandidatesWiring" name="test_stale_snapshot_yields_stale_verdict" time="0.000" /><testcase classname="tests.test_cbm_verification.TestCandidatesWiring" name="test_repo_root_none_preserves_p1_behaviour" time="0.000" /><testcase classname="tests.test_cbm_verification.TestTargetConflicts" name="test_cbm_verified_wins_and_builtin_contradicted" time="0.000" /><testcase classname="tests.test_cbm_verification.TestTargetConflicts" name="test_builtin_verified_wins_when_cbm_span_drifted" time="0.000" /><testcase classname="tests.test_cbm_verification.TestTargetConflicts" name="test_both_sides_unverified_stays_recorded_not_resolved" time="0.000" /><testcase classname="tests.test_cbm_verification.TestTargetConflicts" name="test_both_sides_verified_does_not_adjudicate" time="0.000" /><testcase classname="tests.test_cbm_verification.TestTargetConflicts" name="test_end_to_end_pipeline_conflict_via_fake_binary" time="0.000" /><testcase classname="tests.test_cbm_verification.TestFederatedExtrasGaps" name="test_gaps_reflect_snapshot_state_and_verification" time="0.001" /><testcase classname="tests.test_cbm_verification.TestFederatedExtrasGaps" name="test_unbound_snapshot_keeps_binding_gap_and_cap" time="0.000" /><testcase classname="tests.test_cbm_verification.TestFederatedExtrasGaps" name="test_federated_extras_accepts_adapter_metadata_shape" time="0.000" /><testcase classname="tests.test_ci_workflows_yaml.CiYamlValidityTests" name="test_action_contract_inputs_and_no_consumer_repo_fallback" time="0.004" /><testcase classname="tests.test_ci_workflows_yaml.CiYamlValidityTests" name="test_both_changed_yaml_files_safe_load" time="0.005" /><testcase classname="tests.test_ci_workflows_yaml.CiYamlValidityTests" name="test_workflow_passes_explicit_pr_range" time="0.002" /><testcase classname="tests.test_cli_provider_wiring.TestBuiltinDefault" name="test_default_builtin_never_spawns" time="0.051" /><testcase classname="tests.test_cli_provider_wiring.TestBuiltinDefault" name="test_explicit_builtin_flag_identical" time="0.053" /><testcase classname="tests.test_cli_provider_wiring.TestAllowExternalGate" name="test_blocked_prefer_warns_and_falls_back" time="0.049" /><testcase classname="tests.test_cli_provider_wiring.TestAllowExternalGate" name="test_blocked_require_fails_closed" time="0.015" /><testcase classname="tests.test_cli_provider_wiring.TestAllowExternalGate" name="test_invalid_spec_rejected" time="0.014" /><testcase classname="tests.test_cli_provider_wiring.TestRequireFailsClosedUnhealthy" name="test_unhealthy_binary_require_exits_nonzero" time="0.485" /><testcase classname="tests.test_cli_provider_wiring.TestRequireFailsClosedUnhealthy" name="test_missing_binary_prefer_falls_back" time="0.032" /><testcase classname="tests.test_cli_provider_wiring.TestMergeOrderAndVerdict" name="test_candidates_after_builtin_with_ceiling_and_provider_tag" time="0.558" /><testcase classname="tests.test_cli_provider_wiring.TestMergeOrderAndVerdict" name="test_target_mismatch_recorded_as_conflict" time="0.052" /><testcase classname="tests.test_cli_provider_wiring.TestTruncationPropagation" name="test_has_more_sets_truncated_true" time="0.612" /><testcase classname="tests.test_cli_provider_wiring.TestProvidersSync" name="test_sync_invokes_index_and_emits_receipt" time="0.494" /><testcase classname="tests.test_cli_provider_wiring.TestProvidersSync" name="test_sync_never_runs_without_explicit_command" time="0.010" /><testcase classname="tests.test_cli_provider_wiring.TestProvidersSync" name="test_sync_unknown_provider_fails_cleanly" time="0.015" /><testcase classname="tests.test_cli_provider_wiring.TestRegistryAdapterProbe" name="test_codebase_memory_probed_via_adapter" time="0.468" /><testcase classname="tests.test_cli_smoke" name="test_cli_module_imports" time="0.000" /><testcase classname="tests.test_cli_smoke" name="test_cli_version_via_subprocess" time="0.122" /><testcase classname="tests.test_cli_smoke" name="test_cli_help_via_subprocess" time="0.111" /><testcase classname="tests.test_collection_accounting.TestEdgesCapAccounting" name="test_over_cap_reports_true_enumerated_and_degrades" time="0.468" /><testcase classname="tests.test_collection_accounting.TestEdgesCapAccounting" name="test_under_cap_fully_drained_no_degradation" time="0.401" /><testcase classname="tests.test_collection_accounting.TestEvidenceCapAccounting" name="test_over_cap_reports_true_enumerated_and_degrades" time="0.468" /><testcase classname="tests.test_collection_accounting.TestEvidenceCapAccounting" name="test_under_cap_fully_drained_no_degradation" time="0.482" /><testcase classname="tests.test_collection_accounting.TestLedgerRunsCapAccounting" name="test_over_cap_reports_true_enumerated_and_degrades" time="0.409" /><testcase classname="tests.test_collection_accounting.TestLedgerRunsCapAccounting" name="test_under_cap_fully_drained_no_degradation" time="0.397" /><testcase classname="tests.test_collection_accounting.TestReconcileProvenance" name="test_pipeline_run_records_pipeline_provenance" time="0.574" /><testcase classname="tests.test_collection_accounting.TestReconcileProvenance" name="test_cli_records_pipeline_provenance" time="0.562" /><testcase classname="tests.test_collection_accounting.TestReconcileProvenance" name="test_mcp_auto_reconcile_records_surface_pre" time="0.819" /><testcase classname="tests.test_collection_accounting.TestDigestStability" name="test_identical_runs_same_digest_schema_14" time="0.726" /><testcase classname="tests.test_collection_accounting.TestTransportTrimInterplay" name="test_projection_folds_transport_cut_additively" time="0.000" /><testcase classname="tests.test_collection_accounting.TestTransportTrimInterplay" name="test_collection_truncated_receipt_survives_transport_trim" time="1.266" /><testcase classname="tests.test_config_loader.TestDefaultsWithoutFile" name="test_no_file_yields_full_defaults" time="0.001" /><testcase classname="tests.test_config_loader.TestDefaultsWithoutFile" name="test_default_providers_table_matches_module_constant" time="0.001" /><testcase classname="tests.test_config_loader.TestFileOverrides" name="test_partial_field_overrides_merge_onto_defaults" time="0.001" /><testcase classname="tests.test_config_loader.TestFileOverrides" name="test_top_level_scalars_overridden_by_file" time="0.001" /><testcase classname="tests.test_config_loader.TestEnvOverrides" name="test_env_mode_beats_file_and_defaults" time="0.001" /><testcase classname="tests.test_config_loader.TestEnvOverrides" name="test_env_allow_external_parses_boolean" time="0.001" /><testcase classname="tests.test_config_loader.TestEnvOverrides" name="test_invalid_env_boolean_raises_value_error" time="0.001" /><testcase classname="tests.test_config_loader.TestEnvOverrides" name="test_invalid_env_mode_raises_value_error" time="0.001" /><testcase classname="tests.test_config_loader.TestOverridesDict" name="test_overrides_beat_file_and_env" time="0.001" /><testcase classname="tests.test_config_loader.TestOverridesDict" name="test_override_introduces_unknown_provider" time="0.001" /><testcase classname="tests.test_config_loader.TestForwardCompatibilityAndValidation" name="test_unknown_keys_silently_ignored" time="0.001" /><testcase classname="tests.test_config_loader.TestForwardCompatibilityAndValidation" name="test_wrong_type_or_value_raises_value_error_naming_key[[providers.gitnexus]\ntimeout_seconds = &quot;fast&quot;\n-timeout_seconds]" time="0.001" /><testcase classname="tests.test_config_loader.TestForwardCompatibilityAndValidation" name="test_wrong_type_or_value_raises_value_error_naming_key[[providers.gitnexus]\ncapabilities = &quot;symbols&quot;\n-capabilities]" time="0.001" /><testcase classname="tests.test_config_loader.TestForwardCompatibilityAndValidation" name="test_wrong_type_or_value_raises_value_error_naming_key[[providers.gitnexus]\ncommand = &quot;gitnexus&quot;\n-command]" time="0.001" /><testcase classname="tests.test_config_loader.TestForwardCompatibilityAndValidation" name="test_wrong_type_or_value_raises_value_error_naming_key[[providers.gitnexus]\nenabled = &quot;sure&quot;\n-enabled]" time="0.001" /><testcase classname="tests.test_config_loader.TestForwardCompatibilityAndValidation" name="test_wrong_type_or_value_raises_value_error_naming_key[providers_mode = 2\n-providers_mode]" time="0.001" /><testcase classname="tests.test_config_loader.TestForwardCompatibilityAndValidation" name="test_wrong_type_or_value_raises_value_error_naming_key[allow_external = &quot;true&quot;\n-allow_external]" time="0.001" /><testcase classname="tests.test_config_loader.TestForwardCompatibilityAndValidation" name="test_wrong_type_or_value_raises_value_error_naming_key[conflict_policy = &quot;win-anyway&quot;\n-conflict_policy]" time="0.001" /><testcase classname="tests.test_config_loader.TestForwardCompatibilityAndValidation" name="test_wrong_type_or_value_raises_value_error_naming_key[[providers.gitnexus]\nintegration = &quot;carrier-pigeon&quot;\n-integration]" time="0.001" /><testcase classname="tests.test_config_loader.TestForwardCompatibilityAndValidation" name="test_wrong_type_or_value_raises_value_error_naming_key[[providers.gitnexus]\nindex_policy = &quot;sometimes&quot;\n-index_policy]" time="0.001" /><testcase classname="tests.test_config_loader.TestForwardCompatibilityAndValidation" name="test_malformed_toml_raises_value_error_with_file" time="0.001" /><testcase classname="tests.test_config_loader.TestForwardCompatibilityAndValidation" name="test_override_dict_type_error_names_overrides_source" time="0.001" /><testcase classname="tests.test_config_loader.TestPathHandling" name="test_repo_root_with_spaces_and_unicode" time="0.001" /><testcase classname="tests.test_config_loader.TestPathHandling" name="test_config_relative_path_layout" time="0.000" /><testcase classname="tests.test_config_loader.TestTomllibFallback" name="test_tomllib_available_on_current_interpreter" time="0.000" /><testcase classname="tests.test_core_safety_fixes.CoreSafetyFixTests" name="test_concurrent_starts_publish_one_pid" time="0.041" /><testcase classname="tests.test_core_safety_fixes.CoreSafetyFixTests" name="test_default_db_path_rejects_outside_symlink" time="0.007" /><testcase classname="tests.test_core_safety_fixes.CoreSafetyFixTests" name="test_delete_path_removes_inbound_residue_and_requeues_once" time="0.005" /><testcase classname="tests.test_core_safety_fixes.CoreSafetyFixTests" name="test_explicit_reconcile_purges_external_symlink_but_rejects_path" time="0.009" /><testcase classname="tests.test_core_safety_fixes.CoreSafetyFixTests" name="test_full_reconcile_purges_indexed_external_symlink_without_reading_target" time="0.008" /><testcase classname="tests.test_core_safety_fixes.CoreSafetyFixTests" name="test_reconcile_purges_legacy_internal_symlink_alias_rows" time="0.008" /><testcase classname="tests.test_core_safety_fixes.CoreSafetyFixTests" name="test_reconciler_rejects_external_symlink_and_keeps_internal_file" time="0.006" /><testcase classname="tests.test_core_safety_fixes.CoreSafetyFixTests" name="test_rehome_relative_path_forms_do_not_rewrite_destination_again" time="0.006" /><testcase classname="tests.test_core_safety_fixes.CoreSafetyFixTests" name="test_rehome_updates_hashed_ids_and_all_edge_endpoints" time="0.007" /><testcase classname="tests.test_core_safety_fixes.CoreSafetyFixTests" name="test_watcher_does_not_signal_unrelated_pid" time="0.006" /><testcase classname="tests.test_coverage_manifest.TestScopeManifest" name="test_build_scope_manifest_excludes_generated_and_marks_errors" time="0.002" /><testcase classname="tests.test_coverage_manifest.TestScopeManifest" name="test_explicit_target_paths_restriction" time="0.001" /><testcase classname="tests.test_coverage_manifest.TestScopeManifest" name="test_missing_file_quarantined_fail_closed" time="0.001" /><testcase classname="tests.test_coverage_manifest.TestScopeManifest" name="test_path_traversal_relative_and_absolute_quarantined_fail_closed" time="0.001" /><testcase classname="tests.test_coverage_manifest.TestScopeManifest" name="test_exclusion_does_not_strip_valid_substring_paths" time="0.001" /><testcase classname="tests.test_coverage_manifest.TestScopeManifest" name="test_unjournaled_files_on_disk_are_quarantined" time="0.001" /><testcase classname="tests.test_coverage_manifest.TestScopeManifest" name="test_outside_directory_symlink_quarantined_fail_closed" time="0.001" /><testcase classname="tests.test_coverage_manifest.TestScopeManifest" name="test_scope_manifest_special_filename_not_aliased" time="0.002" /><testcase classname="tests.test_coverage_manifest.TestScopeManifest" name="test_scope_manifest_node_modules_backslash_not_excluded_as_dir" time="0.001" /><testcase classname="tests.test_coverage_manifest.TestScopeManifest" name="test_scope_manifest_custom_directory_exclusions" time="0.002" /><testcase classname="tests.test_coverage_manifest.TestScopeManifest" name="test_scope_manifest_surrogate_escape_undecodable_filename" time="0.001" /><testcase classname="tests.test_dart_extractor.TestDartExtractor" name="test_extract_classes_and_widgets" time="0.002" /><testcase classname="tests.test_dart_extractor.TestDartExtractor" name="test_extract_enums_and_getters_setters" time="0.001" /><testcase classname="tests.test_dart_extractor.TestDartExtractor" name="test_extract_mixins_and_extensions" time="0.001" /><testcase classname="tests.test_dart_extractor.TestDartExtractor" name="test_extract_top_level_functions" time="0.001" /><testcase classname="tests.test_dart_extractor.TestDartExtractor" name="test_parse_file_graph_dart_integration" time="0.002" /><testcase classname="tests.test_dart_extractor.TestDartExtractor" name="test_reconciler_indexes_dart_and_arb_files" time="0.140" /><testcase classname="tests.test_dart_extractor.TestDartExtractor" name="test_registered_in_dispatch" time="0.000" /><testcase classname="tests.test_diff_impact.TestDiffImpactDataModels" name="test_api_and_test_impact_serialization" time="0.000" /><testcase classname="tests.test_diff_impact.TestDiffImpactDataModels" name="test_caller_impact_serialization" time="0.000" /><testcase classname="tests.test_diff_impact.TestDiffImpactDataModels" name="test_commit_history_result_serialization" time="0.000" /><testcase classname="tests.test_diff_impact.TestDiffImpactDataModels" name="test_diff_hunk_serialization" time="0.000" /><testcase classname="tests.test_diff_impact.TestDiffImpactDataModels" name="test_diff_impact_result_serialization" time="0.000" /><testcase classname="tests.test_diff_impact.TestDiffImpactDataModels" name="test_direct_node_change_serialization" time="0.000" /><testcase classname="tests.test_diff_impact.TestGitDeltaExtractor" name="test_extract_diff_disables_external_helpers" time="0.177" /><testcase classname="tests.test_diff_impact.TestGitDeltaExtractor" name="test_extract_diff_with_git_repo" time="0.223" /><testcase classname="tests.test_diff_impact.TestGitDeltaExtractor" name="test_parse_binary_file_and_empty" time="0.001" /><testcase classname="tests.test_diff_impact.TestGitDeltaExtractor" name="test_parse_deleted_file" time="0.000" /><testcase classname="tests.test_diff_impact.TestGitDeltaExtractor" name="test_parse_multiple_hunks_and_files" time="0.000" /><testcase classname="tests.test_diff_impact.TestGitDeltaExtractor" name="test_parse_new_file" time="0.000" /><testcase classname="tests.test_diff_impact.TestGitDeltaExtractor" name="test_parse_partial_deletion_hunk_uses_old_side_interval" time="0.000" /><testcase classname="tests.test_diff_impact.TestGitDeltaExtractor" name="test_parse_single_hunk" time="0.000" /><testcase classname="tests.test_diff_impact.TestASTCoordinateMapper" name="test_map_intervals_empty_or_unregistered_file" time="0.001" /><testcase classname="tests.test_diff_impact.TestASTCoordinateMapper" name="test_map_intervals_to_nodes_exact_hit" time="0.000" /><testcase classname="tests.test_diff_impact.TestASTCoordinateMapper" name="test_map_intervals_to_nodes_no_hit" time="0.000" /><testcase classname="tests.test_diff_impact.TestCommitHistoryEngine" name="test_analyze_history_with_git_repo" time="0.126" /><testcase classname="tests.test_diff_impact.TestCommitHistoryEngine" name="test_parse_log_numstat" time="0.001" /><testcase classname="tests.test_diff_impact.TestCommitHistoryEngine" name="test_risk_scoring_critical_path_and_high_in_degree" time="0.000" /><testcase classname="tests.test_diff_impact.TestCommitHistoryEngine" name="test_risk_scoring_low_and_medium" time="0.000" /><testcase classname="tests.test_diff_impact.TestDiffImpactEngine" name="test_compute_summary_risk_levels" time="0.004" /><testcase classname="tests.test_diff_impact.TestDiffImpactEngine" name="test_deleted_file_yields_direct_nodes_and_callers" time="0.154" /><testcase classname="tests.test_diff_impact.TestDiffImpactEngine" name="test_discover_impacted_tests" time="0.003" /><testcase classname="tests.test_diff_impact.TestDiffImpactEngine" name="test_full_pipeline_with_git_repo" time="0.146" /><testcase classname="tests.test_diff_impact.TestDiffImpactEngine" name="test_match_api_endpoints" time="0.003" /><testcase classname="tests.test_diff_impact.TestDiffImpactEngine" name="test_traverse_reverse_call_graph_depth_1_and_2" time="0.002" /><testcase classname="tests.test_diff_impact.TestFormatters" name="test_commit_history_formatters" time="0.001" /><testcase classname="tests.test_diff_impact.TestFormatters" name="test_commit_history_multiple_reasons_and_escaping" time="0.000" /><testcase classname="tests.test_diff_impact.TestFormatters" name="test_diff_impact_formatters" time="0.000" /><testcase classname="tests.test_diff_impact.TestStandaloneFunctions" name="test_analyze_commit_history_wrapper" time="0.026" /><testcase classname="tests.test_diff_impact.TestStandaloneFunctions" name="test_analyze_diff_impact_wrapper" time="0.059" /><testcase classname="tests.test_diff_impact.TestCLIExecution" name="test_cmd_diff_impact_markdown_and_json" time="0.350" /><testcase classname="tests.test_diff_impact.TestCLIExecution" name="test_cmd_log_markdown_and_json" time="0.001" /><testcase classname="tests.test_diff_impact.TestDiffImpactGate" name="test_default_advisory_exits_zero_even_on_partial" time="0.090" /><testcase classname="tests.test_diff_impact.TestDiffImpactGate" name="test_gate_fails_on_partial_receipt" time="0.093" /><testcase classname="tests.test_diff_impact.TestDiffImpactGate" name="test_gate_flag_registered" time="0.013" /><testcase classname="tests.test_diff_impact.TestDiffImpactGate" name="test_gate_passes_on_assured_receipt" time="0.094" /><testcase classname="tests.test_diff_impact.TestGitDeltaExtractorRangeMergeBase" name="test_three_dot_range_uses_merge_base" time="0.274" /><testcase classname="tests.test_diff_impact.TestMcpServiceDiffImpact" name="test_mcp_diff_impact_sync_and_async" time="0.720" /><testcase classname="tests.test_diff_impact.TestMcpServiceDiffImpact" name="test_mcp_git_history_sync_and_async" time="0.059" /><testcase classname="tests.test_diff_impact.TestIsTestSymbol" name="test_prefix_and_suffix_conventions" time="0.000" /><testcase classname="tests.test_diff_impact_github.GithubRendererTests" name="test_cli_format_flag_choices_and_default_unchanged" time="0.006" /><testcase classname="tests.test_diff_impact_github.GithubRendererTests" name="test_cmd_diff_impact_github_end_to_end" time="0.284" /><testcase classname="tests.test_diff_impact_github.GithubRendererTests" name="test_deterministic_ordering" time="0.001" /><testcase classname="tests.test_diff_impact_github.GithubRendererTests" name="test_empty_result_renders_placeholder_sections" time="0.001" /><testcase classname="tests.test_diff_impact_github.GithubRendererTests" name="test_no_ansi_escapes" time="0.001" /><testcase classname="tests.test_diff_impact_github.GithubRendererTests" name="test_repo_relative_paths_only" time="0.001" /><testcase classname="tests.test_diff_impact_github.GithubRendererTests" name="test_risk_verdict_line_and_details_blocks" time="0.001" /><testcase classname="tests.test_diff_impact_github.GithubRendererHonestyTests" name="test_assured_zero_callers_keeps_low_ripple_wording" time="0.001" /><testcase classname="tests.test_diff_impact_github.GithubRendererHonestyTests" name="test_no_receipt_never_claims_low_ripple" time="0.000" /><testcase classname="tests.test_diff_impact_github.GithubRendererHonestyTests" name="test_partial_status_shows_reasons_and_truncation" time="0.000" /><testcase classname="tests.test_diff_impact_github.GithubRendererHonestyTests" name="test_resolved_range_identity_rendered" time="0.001" /><testcase classname="tests.test_edge_lifecycle.EdgeLifecycleTests" name="test_delete_file_leaves_no_dangling_edges" time="0.137" /><testcase classname="tests.test_edge_lifecycle.EdgeLifecycleTests" name="test_move_file_re_resolves_inbound_edges" time="0.135" /><testcase classname="tests.test_edge_lifecycle.EdgeLifecycleTests" name="test_move_file_re_resolves_inbound_import_edges" time="0.133" /><testcase classname="tests.test_edge_lifecycle.EdgeLifecycleTests" name="test_reconcile_idempotent_after_move" time="0.135" /><testcase classname="tests.test_engine_admin" name="test_install_promote_rollback_and_status" time="0.091" /><testcase classname="tests.test_engine_admin" name="test_wrong_digest_refused_and_unknown_data_preserved" time="0.013" /><testcase classname="tests.test_engine_admin" name="test_search_normalizes_and_verifies_without_raw_payload" time="0.001" /><testcase classname="tests.test_engine_admin" name="test_operational_exit_and_multi_artifact_registry[prepare]" time="0.032" /><testcase classname="tests.test_engine_admin" name="test_operational_exit_and_multi_artifact_registry[probe]" time="0.024" /><testcase classname="tests.test_engine_admin" name="test_operational_exit_and_multi_artifact_registry[sync]" time="0.032" /><testcase classname="tests.test_engine_admin" name="test_operational_exit_and_multi_artifact_registry[search]" time="0.023" /><testcase classname="tests.test_engine_admin" name="test_operational_exit_and_multi_artifact_registry[runtime-status]" time="0.024" /><testcase classname="tests.test_engine_admin" name="test_administration_errors_are_bounded[busy]" time="0.007" /><testcase classname="tests.test_engine_admin" name="test_administration_errors_are_bounded[timeout]" time="0.007" /><testcase classname="tests.test_engine_admin" name="test_administration_errors_are_bounded[database]" time="0.009" /><testcase classname="tests.test_engine_admin" name="test_administration_errors_are_bounded[profile]" time="0.007" /><testcase classname="tests.test_engine_admin" name="test_uninstall_missing_is_read_only" time="0.010" /><testcase classname="tests.test_engine_admin" name="test_no_raw_execution_surface" time="0.007" /><testcase classname="tests.test_export.ExportTests" name="test_cli_viz_and_export_commands" time="0.148" /><testcase classname="tests.test_export.ExportTests" name="test_graphml_export" time="0.137" /><testcase classname="tests.test_export.ExportTests" name="test_graphrag_json_export" time="0.137" /><testcase classname="tests.test_export.ExportTests" name="test_html_visualizer_escapes_hostile_metadata" time="0.136" /><testcase classname="tests.test_export.ExportTests" name="test_html_visualizer_generation_and_save" time="0.136" /><testcase classname="tests.test_export.ExportTests" name="test_obsidian_vault_collision_suffix" time="0.136" /><testcase classname="tests.test_export.ExportTests" name="test_obsidian_vault_export" time="0.140" /><testcase classname="tests.test_force_reindex.ForceReindexTests" name="test_code_file_node_carries_preview" time="0.007" /><testcase classname="tests.test_force_reindex.ForceReindexTests" name="test_force_preserves_notes" time="0.011" /><testcase classname="tests.test_force_reindex.ForceReindexTests" name="test_force_reextracts_everything_and_is_idempotent" time="0.012" /><testcase classname="tests.test_force_reindex.ForceReindexTests" name="test_preview_budget_env_override" time="0.008" /><testcase classname="tests.test_force_reindex.ForceReindexTests" name="test_preview_surfaces_in_search" time="0.009" /><testcase classname="tests.test_group1_extractors.TestGroup1Extractors" name="test_elixir_ast_modules_and_calls" time="0.006" /><testcase classname="tests.test_group1_extractors.TestGroup1Extractors" name="test_fallbacks_without_treesitter" time="0.007" /><testcase classname="tests.test_group1_extractors.TestGroup1Extractors" name="test_lua_ast_functions_and_calls" time="0.006" /><testcase classname="tests.test_group1_extractors.TestGroup1Extractors" name="test_reconciliation_end_to_end_group1" time="0.009" /><testcase classname="tests.test_group1_extractors.TestGroup1Extractors" name="test_registered_in_dispatch" time="0.005" /><testcase classname="tests.test_group1_extractors.TestGroup1Extractors" name="test_scala_ast_and_inheritance" time="0.006" /><testcase classname="tests.test_group2_extractors.TestGroup2Extractors" name="test_clojure_ast_extraction" time="0.006" /><testcase classname="tests.test_group2_extractors.TestGroup2Extractors" name="test_julia_ast_extraction" time="0.006" /><testcase classname="tests.test_group2_extractors.TestGroup2Extractors" name="test_r_ast_extraction" time="0.006" /><testcase classname="tests.test_group2_extractors.TestGroup2Extractors" name="test_reconciliation_end_to_end_group2" time="0.010" /><testcase classname="tests.test_group2_extractors.TestGroup2Extractors" name="test_registered_in_dispatch" time="0.006" /><testcase classname="tests.test_group2_extractors.TestGroup2Extractors" name="test_zig_ast_extraction" time="0.007" /><testcase classname="tests.test_group3_extractors.TestGroup3Extractors" name="test_graphql_schema_extract
[...]
haustive[UNKNOWN-details3]" time="0.000" /><testcase classname="tests.test_trust_axes.TestScopeCompletenessAxis" name="test_per_hit_scope_is_unknown_never_exhaustive[UNKNOWN-details4]" time="0.000" /><testcase classname="tests.test_trust_axes.TestQueryNamesIdentity" name="test_alignment_rules[solo_fn-solo_fn-mod.solo_fn-True]" time="0.000" /><testcase classname="tests.test_trust_axes.TestQueryNamesIdentity" name="test_alignment_rules[solo_fn-solo_fn--True]" time="0.000" /><testcase classname="tests.test_trust_axes.TestQueryNamesIdentity" name="test_alignment_rules[solo_fn-solo_fn-pkg::solo_fn-True]" time="0.000" /><testcase classname="tests.test_trust_axes.TestQueryNamesIdentity" name="test_alignment_rules[Fn-other-pkg.mod.Fn-True]" time="0.000" /><testcase classname="tests.test_trust_axes.TestQueryNamesIdentity" name="test_alignment_rules[mod.solo_fn-solo_fn-mod.solo_fn-True]" time="0.000" /><testcase classname="tests.test_trust_axes.TestQueryNamesIdentity" name="test_alignment_rules[solo other-solo_fn-mod.solo_fn-False]" time="0.001" /><testcase classname="tests.test_trust_axes.TestQueryNamesIdentity" name="test_alignment_rules[solo-solo_fn-mod.solo_fn-False]" time="0.000" /><testcase classname="tests.test_trust_axes.TestQueryNamesIdentity" name="test_alignment_rules[-solo_fn-mod.solo_fn-False]" time="0.000" /><testcase classname="tests.test_trust_axes.TestQueryNamesIdentity" name="test_alignment_rules[whatever---False]" time="0.000" /><testcase classname="tests.test_trust_axes.TestSemanticsContract" name="test_semantics_cover_all_axes" time="0.000" /><testcase classname="tests.test_trust_axes.TestSemanticsContract" name="test_schema_version_is_int" time="0.000" /><testcase classname="tests.test_trust_axes.TestSemanticsContract" name="test_legacy_note_marks_compat_only" time="0.000" /><testcase classname="tests.test_trust_axes.TestIdentityNameCounts" name="test_counts_whole_index_batched" time="0.225" /><testcase classname="tests.test_trust_axes.TestIdentityNameCounts" name="test_empty_labels_short_circuit" time="0.215" /><testcase classname="tests.test_trust_axes.TestIdentityNameCounts" name="test_broken_connection_returns_empty" time="0.000" /><testcase classname="tests.test_trust_axes.TestCliSearchAxes" name="test_json_result_carries_axes_and_compat_fields" time="0.218" /><testcase classname="tests.test_trust_axes.TestCliSearchAxes" name="test_unique_named_hit_axes" time="0.262" /><testcase classname="tests.test_trust_axes.TestCliSearchAxes" name="test_ambiguous_identity_on_duplicated_name" time="0.219" /><testcase classname="tests.test_trust_axes.TestCliSearchAxes" name="test_unnamed_token_hit_is_semantic" time="0.216" /><testcase classname="tests.test_trust_axes.TestCliSearchAxes" name="test_stopword_only_query_honest_unknown" time="0.217" /><testcase classname="tests.test_trust_axes.TestCliSearchAxes" name="test_stale_anchor_keeps_exact_relevance" time="0.218" /><testcase classname="tests.test_trust_axes.TestCliSearchAxes" name="test_envelope_scope_and_semantics" time="0.218" /><testcase classname="tests.test_trust_axes.TestCliSearchAxes" name="test_never_claims_exhaustive" time="0.218" /><testcase classname="tests.test_trust_axes.TestCliSearchAxes" name="test_human_output_shows_axes_and_legend" time="0.216" /><testcase classname="tests.test_trust_axes.TestMcpSearchAxes" name="test_results_carry_axes_and_contract" time="0.221" /><testcase classname="tests.test_trust_axes.TestMcpSearchAxes" name="test_ambiguous_identity_on_mcp" time="0.222" /><testcase classname="tests.test_trust_axes.TestMcpSearchAxes" name="test_empty_results_still_expose_contract" time="0.211" /><testcase classname="tests.test_trust_chain_hardening" name="test_path_traversal_and_outside_symlink_quarantined" time="0.002" /><testcase classname="tests.test_trust_chain_hardening" name="test_exclusion_substring_preserves_legitimate_files" time="0.000" /><testcase classname="tests.test_trust_chain_hardening" name="test_unjournaled_files_discovered_and_quarantined" time="0.008" /><testcase classname="tests.test_trust_chain_hardening" name="test_audit_receipt_fail_closed_on_doctor_error" time="0.082" /><testcase classname="tests.test_trust_chain_hardening" name="test_reconcile_receipt_fail_closed_on_failed_reconcile" time="0.044" /><testcase classname="tests.test_trust_chain_hardening" name="test_parser_unavailable_quarantined_and_fail_closed" time="0.045" /><testcase classname="tests.test_trust_chain_hardening" name="test_scip_usages_routing_and_require_mode" time="0.003" /><testcase classname="tests.test_trust_chain_hardening" name="test_audit_receipt_fail_closed_on_unjournaled_files" time="0.088" /><testcase classname="tests.test_trust_chain_hardening" name="test_diff_impact_captures_untracked_files" time="0.158" /><testcase classname="tests.test_trust_chain_hardening" name="test_usages_routing_rejects_symbols_only_provider" time="0.002" /><testcase classname="tests.test_trust_chain_hardening" name="test_usages_routing_rejects_unadvertised_usages_method" time="0.001" /><testcase classname="tests.test_trust_chain_hardening" name="test_scip_exact_limit_not_truncated" time="0.002" /><testcase classname="tests.test_trust_chain_hardening" name="test_diff_impact_untracked_special_filenames" time="0.145" /><testcase classname="tests.test_trust_chain_hardening" name="test_snapshot_blank_path_citations_fail_closed" time="0.037" /><testcase classname="tests.test_trust_chain_hardening" name="test_snapshot_special_filenames_no_aliasing" time="0.040" /><testcase classname="tests.test_trust_chain_hardening" name="test_scip_3_element_span_resolution" time="0.004" /><testcase classname="tests.test_trust_chain_hardening" name="test_orchestrator_require_mode_no_invocable_method_fails_closed" time="0.003" /><testcase classname="tests.test_trust_chain_hardening" name="test_snapshot_surrogate_escape_filename_binding" time="0.002" /><testcase classname="tests.test_trust_chain_hardening" name="test_ast_coordinate_mapper_path_normalization_no_aliasing" time="0.007" /><testcase classname="tests.test_trust_chain_hardening" name="test_mcp_fits_response_surrogateescape" time="0.007" /><testcase classname="tests.test_trust_chain_hardening" name="test_mcp_server_json_surrogateescape" time="0.000" /><testcase classname="tests.test_trust_chain_hardening" name="test_scip_artifacts_parity" time="0.000" /><testcase classname="tests.test_trust_chain_hardening" name="test_orchestrator_scip_exempt_from_allow_external" time="0.002" /><testcase classname="tests.test_trust_chain_hardening" name="test_scip_provider_persists_runs_and_evidence_to_db" time="0.006" /><testcase classname="tests.test_trust_chain_hardening" name="test_ledger_cross_check_detects_failed_provider_runs" time="0.044" /><testcase classname="tests.test_trust_chain_hardening" name="test_scip_symlink_escape_containment_fails_closed" time="0.003" /><testcase classname="tests.test_trust_chain_hardening" name="test_coverage_manifest_reconciler_supported_extensions" time="0.006" /><testcase classname="tests.test_trust_chain_hardening" name="test_ledger_cross_check_scoping_and_fail_closed" time="0.006" /><testcase classname="tests.test_trust_chain_hardening" name="test_cbm_pagination_loop_and_safety_cap_abort" time="0.003" /><testcase classname="tests.test_trust_chain_hardening" name="test_scip_span_column_aliases_persistence" time="0.005" /><testcase classname="tests.test_trust_chain_hardening" name="test_mcp_diff_impact_receipt_fits_response_truncation" time="0.007" /><testcase classname="tests.test_trust_chain_hardening" name="test_mcp_transport_truncation_degrades_assurance" time="0.006" /><testcase classname="tests.test_trust_chain_hardening" name="test_mcp_small_receipt_payload_assurance_untouched" time="0.005" /><testcase classname="tests.test_trust_chain_hardening" name="test_mcp_diff_impact_default_target_is_head" time="0.165" /><testcase classname="tests.test_trust_chain_hardening" name="test_mcp_diff_impact_receipt_default_target_is_head" time="0.092" /><testcase classname="tests.test_trust_chain_hardening" name="test_atomic_replacement_snapshot_regression" time="0.069" /><testcase classname="tests.test_trust_chain_hardening" name="test_ledger_cross_check_snapshot_scoping" time="0.007" /><testcase classname="tests.test_trust_chain_hardening" name="test_evidence_truncation_overflow_fails_closed" time="0.009" /><testcase classname="tests.test_trust_chain_hardening" name="test_ledger_cross_check_no_matching_snapshot_no_fallback" time="0.006" /><testcase classname="tests.test_trust_chain_hardening" name="test_diff_impact_tracked_special_character_paths" time="0.000" /><testcase classname="tests.test_trust_chain_hardening" name="test_union_evidence_cross_repository_isolation" time="0.006" /><testcase classname="tests.test_trust_chain_hardening" name="test_union_evidence_null_project_root_isolation" time="0.006" /><testcase classname="tests.test_trust_chain_hardening" name="test_union_evidence_symlink_retarget_isolation" time="0.007" /><testcase classname="tests.test_trust_v2_evidence" name="test_trust_evidence_schema_and_serialization" time="0.000" /><testcase classname="tests.test_trust_v2_evidence" name="test_trust_evidence_stale_missing_verdict" time="0.000" /><testcase classname="tests.test_trust_v2_evidence" name="test_verifier_exact_span_and_symbol" time="0.007" /><testcase classname="tests.test_trust_v2_evidence" name="test_verifier_missing_file_pure_read_no_db_mutation" time="0.005" /><testcase classname="tests.test_trust_v2_evidence" name="test_atomic_file_rehome_in_db" time="0.006" /><testcase classname="tests.test_trust_v2_evidence" name="test_honest_zero_result_usages_semantics" time="0.005" /><testcase classname="tests.test_truthfulness" name="test_regex_token_coverage_only_is_never_confirmed" time="0.008" /><testcase classname="tests.test_truthfulness" name="test_high_regex_coverage_still_not_confirmed" time="0.008" /><testcase classname="tests.test_truthfulness" name="test_ast_span_verified_keeps_confirmed" time="0.008" /><testcase classname="tests.test_truthfulness" name="test_missing_tree_sitter_grammar_reports_unavailable" time="0.002" /><testcase classname="tests.test_truthfulness" name="test_ghost_symbol_in_comment_or_string_never_confirmed" time="0.008" /><testcase classname="tests.test_truthfulness" name="test_python_syntax_error_reports_parse_error" time="0.006" /><testcase classname="tests.test_truthfulness" name="test_regex_fallback_annotates_partial_ast" time="0.002" /><testcase classname="tests.test_truthfulness" name="test_extract_ts_complete_and_valid_empty" time="0.001" /><testcase classname="tests.test_truthfulness" name="test_parse_file_graph_carries_extractor_metadata" time="0.003" /><testcase classname="tests.test_truthfulness" name="test_build_extractor_metadata_shape" time="0.001" /><testcase classname="tests.test_type_checking_universe.TestExtractorTypeCheckingPolicy" name="test_no_runtime_edges_from_inside_guard" time="0.001" /><testcase classname="tests.test_type_checking_universe.TestExtractorTypeCheckingPolicy" name="test_structural_defines_edges_survive" time="0.001" /><testcase classname="tests.test_type_checking_universe.TestExtractorTypeCheckingPolicy" name="test_type_only_defs_indexed_and_tagged" time="0.001" /><testcase classname="tests.test_type_checking_universe.TestStandardizerAndGraph" name="test_ghost_symbols_searchable_after_reconcile" time="0.006" /><testcase classname="tests.test_type_checking_universe.TestStandardizerAndGraph" name="test_marker_survives_standardization" time="0.001" /><testcase classname="tests.test_type_checking_universe.TestEvaluatorUniverseSplit" name="test_calls_inside_guard_body_are_skipped" time="0.001" /><testcase classname="tests.test_type_checking_universe.TestEvaluatorUniverseSplit" name="test_type_checking_defs_in_presence_universe" time="0.001" /><testcase classname="tests.test_type_checking_universe.TestEvaluatorUniverseSplit" name="test_type_only_defs_out_of_runtime_impact_universe" time="0.001" /><testcase classname="tests.test_type_checking_universe.TestEvaluatorUniverseSplit" name="test_type_only_import_does_not_resolve_calls" time="0.001" /><testcase classname="tests.test_v2_upgrade.LockingTests" name="test_lock_file_is_never_truncated" time="0.001" /><testcase classname="tests.test_v2_upgrade.LockingTests" name="test_mutual_exclusion_and_bounded_timeout" time="0.139" /><testcase classname="tests.test_v2_upgrade.LockingTests" name="test_nested_acquisition_is_reentrant" time="0.002" /><testcase classname="tests.test_v2_upgrade.SchemaV2Tests" name="test_fresh_database_is_schema_versioned" time="0.009" /><testcase classname="tests.test_v2_upgrade.SchemaV2Tests" name="test_legacy_database_is_disposably_rebuilt" time="0.010" /><testcase classname="tests.test_v2_upgrade.SchemaV2Tests" name="test_python_nodes_carry_fqn_signature_and_spans" time="0.002" /><testcase classname="tests.test_v2_upgrade.SchemaV2Tests" name="test_read_only_rejects_outdated_schema" time="0.002" /><testcase classname="tests.test_v2_upgrade.LegacyResetHealingTests" name="test_clean_does_not_auto_refill_after_reset" time="0.015" /><testcase classname="tests.test_v2_upgrade.LegacyResetHealingTests" name="test_legacy_reset_auto_reconciles_in_main" time="0.015" /><testcase classname="tests.test_v2_upgrade.BindingResolverTests" name="test_ambiguous_symbols_are_never_arbitrarily_attached" time="0.011" /><testcase classname="tests.test_v2_upgrade.BindingResolverTests" name="test_external_imports_are_pruned" time="0.011" /><testcase classname="tests.test_v2_upgrade.BindingResolverTests" name="test_import_relations_resolve_to_file_nodes" time="0.028" /><testcase classname="tests.test_v2_upgrade.BindingResolverTests" name="test_project_import_resolves_exactly" time="0.012" /><testcase classname="tests.test_v2_upgrade.BindingResolverTests" name="test_self_method_calls_resolve_to_class_qualified_symbol" time="0.012" /><testcase classname="tests.test_v2_upgrade.BindingResolverTests" name="test_shadowed_builtin_is_preserved" time="0.011" /><testcase classname="tests.test_v2_upgrade.BindingResolverTests" name="test_unshadowed_bare_builtins_are_pruned" time="0.011" /><testcase classname="tests.test_v2_upgrade.CasPublicationTests" name="test_commit_blocks_while_lock_is_held" time="0.007" /><testcase classname="tests.test_v2_upgrade.CasPublicationTests" name="test_generation_cas_rejects_stale_writer" time="0.006" /><testcase classname="tests.test_v2_upgrade.CasPublicationTests" name="test_stale_disk_hash_is_reported_as_conflict" time="0.008" /><testcase classname="tests.test_v2_upgrade.PackTests" name="test_ambiguous_target_auto_resolves_to_dominant_candidate" time="0.013" /><testcase classname="tests.test_v2_upgrade.PackTests" name="test_ambiguous_target_fails_closed_on_tie" time="0.014" /><testcase classname="tests.test_v2_upgrade.PackTests" name="test_bundle_structure_and_untrusted_flag" time="0.011" /><testcase classname="tests.test_v2_upgrade.PackTests" name="test_inbound_callers_recorded" time="0.010" /><testcase classname="tests.test_v2_upgrade.PackTests" name="test_stale_snapshot_detected" time="0.009" /><testcase classname="tests.test_v2_upgrade.PackTests" name="test_target_not_found" time="0.009" /><testcase classname="tests.test_v2_upgrade.PackTests" name="test_target_oversize_source_delivered_truncated" time="0.011" /><testcase classname="tests.test_v2_upgrade.PackTests" name="test_yaml_rendering" time="0.012" /><testcase classname="tests.test_v2_upgrade.WatcherTests" name="test_polling_backend_reconciles_changes" time="0.287" /><testcase classname="tests.test_v2_upgrade.DeterminismTests" name="test_community_detection_is_reproducible" time="0.024" /><testcase classname="tests.test_vector.HashEmbedderTests" name="test_deterministic_and_normalized" time="0.001" /><testcase classname="tests.test_vector.HashEmbedderTests" name="test_related_text_scores_higher_than_unrelated" time="0.000" /><testcase classname="tests.test_vector.RRFFusionTests" name="test_rrf_prefers_items_present_in_both_rankings" time="0.000" /><testcase classname="tests.test_vector.HybridSearchTests" name="test_hybrid_falls_back_to_bm25_without_vectors" time="0.023" /><testcase classname="tests.test_vector.HybridSearchTests" name="test_hybrid_search_fuses_and_reports_sources" time="0.018" /><testcase classname="tests.test_vector.HybridSearchTests" name="test_index_and_vector_search" time="0.017" /><testcase classname="tests.test_vector.HybridSearchTests" name="test_index_nodes_is_deterministic_subset" time="0.016" /><testcase classname="tests.test_vector.HybridSearchTests" name="test_prune_orphans_and_empty_rebuild_clear_table" time="0.018" /><testcase classname="tests.test_vector.HybridSearchTests" name="test_reconcile_prunes_orphaned_vector_rows" time="0.019" /><testcase classname="tests.test_vector.IncrementalEmbedTests" name="test_cap_keeps_newest_nodes_by_updated_at" time="0.009" /><testcase classname="tests.test_vector.IncrementalEmbedTests" name="test_cap_sets_truncated_flag_and_warns_on_stderr" time="0.008" /><testcase classname="tests.test_vector.IncrementalEmbedTests" name="test_second_call_reembeds_only_changed_node" time="0.008" /><testcase classname="tests.test_vector.IncrementalEmbedTests" name="test_vanished_nodes_are_pruned_from_vec_and_state" time="0.008" /><testcase classname="tests.test_verifier.RehomeTests" name="test_colliding_basename_does_not_steal_symbol" time="0.143" /><testcase classname="tests.test_verifier.RehomeTests" name="test_file_node_rehome_keeps_working" time="0.009" /><testcase classname="tests.test_verifier.RehomeTests" name="test_read_only_mode_reports_stale_without_mutation" time="0.007" /><testcase classname="tests.test_verifier.RehomeTests" name="test_rehome_succeeds_when_symbol_present" time="0.008" /><testcase classname="tests.test_verifier.RehomeCacheTests" name="test_absent_basename_never_answered_from_cache" time="0.001" /><testcase classname="tests.test_verifier.RehomeCacheTests" name="test_ambiguous_basename_stays_uncached" time="0.001" /><testcase classname="tests.test_verifier.RehomeCacheTests" name="test_heal_pass_over_two_missing_files_costs_one_walk" time="0.010" /><testcase classname="tests.test_verifier.RehomeCacheTests" name="test_multiple_missing_files_walk_repo_once" time="0.001" /><testcase classname="tests.test_verifier.RehomeCacheTests" name="test_stale_cached_path_invalidates_and_rebuilds_once" time="0.001" /><testcase classname="tests.test_watcher_daemon.TestWatcherDaemon" name="test_discover_sot_projects" time="0.002" /><testcase classname="tests.test_watcher_daemon.TestWatcherDaemon" name="test_is_pid_alive" time="0.000" /><testcase classname="tests.test_watcher_daemon.TestWatcherDaemon" name="test_pick_backend_fallback" time="0.000" /><testcase classname="tests.test_watcher_daemon.TestWatcherDaemon" name="test_process_identity_uses_posix_proc_metadata" time="0.001" /><testcase classname="tests.test_watcher_daemon.TestWatcherDaemon" name="test_process_identity_windows_queries_cim_and_degrades_to_none" time="0.001" /><testcase classname="tests.test_watcher_daemon.TestWatcherDaemon" name="test_start_and_stop_daemon" time="0.115" /><testcase classname="tests.test_watcher_daemon.TestWatcherDaemon" name="test_start_daemon_does_not_publish_unverifiable_windows_identity" time="0.002" /><testcase classname="tests.test_watcher_daemon.TestWatcherDaemon" name="test_status_daemon_when_stopped" time="0.001" /><testcase classname="tests.test_watcher_daemon.TestBatchJanitor" name="test_batch_defers_lockbusy_paths" time="0.010" /><testcase classname="tests.test_watcher_daemon.TestBatchJanitor" name="test_batch_runs_janitor_once_for_many_files" time="0.013" /><testcase classname="tests.test_watcher_daemon.TestBatchJanitor" name="test_batch_skips_janitor_when_nothing_published" time="0.006" /><testcase classname="tests.test_watcher_daemon.TestBatchJanitor" name="test_fallback_per_file_loop_for_legacy_reconcilers" time="0.007" /></testsuite></testsuites>